"D:/Code/UE/Homework/Content/Geometry/Meshes/CubeMaterial.uasset" 0
"D:/Code/UE/Homework/Content/Geometry/Meshes/1M_Cube.uasset" 1
"D:/Code/UE/Homework/Content/Geometry/Meshes/1M_Cube_Chamfer.uasset" 2
"D:/Code/UE/Homework/Content/Geometry/Meshes/TemplateFloor.uasset" 3
"../../../Engine/Content/EngineResources/Black.uasset" 4
"D:/Code/UE/Homework/Content/InfinityBladeEffects/Effects/Masters/M_Add_Sprite_SubUV_Master.uasset" 5
"D:/Code/UE/Homework/Content/InfinityBladeEffects/Effects/FX_Textures/Fire/T_fireStreak_12X3.uasset" 6
"D:/Code/UE/Homework/Content/InfinityBladeEffects/Effects/FX_Materials/Fire/M_Fire_03_Add_12X3_INST.uasset" 7
"D:/Code/UE/Homework/Content/InfinityBladeEffects/Effects/FX_Textures/Fire/T_Fire_Shock_01.uasset" 8
"D:/Code/UE/Homework/Content/InfinityBladeEffects/Effects/FX_Materials/Fire/M_Fire_Shock_01_5x5_SubUV_INST.uasset" 9
"D:/Code/UE/Homework/Content/InfinityBladeEffects/Effects/Masters/M_Add_Sprite_Master_DepthFade.uasset" 10
"D:/Code/UE/Homework/Content/InfinityBladeEffects/Effects/FX_Textures/Gradient/T_starFlare_01.uasset" 11
"D:/Code/UE/Homework/Content/InfinityBladeEffects/Effects/FX_Materials/Gradient/M_Flare_01_INST.uasset" 12
"D:/Code/UE/Homework/Content/InfinityBladeEffects/Effects/FX_Textures/Gradient/T_impactFlares_meleeBase.uasset" 13
"D:/Code/UE/Homework/Content/InfinityBladeEffects/Effects/FX_Materials/Gradient/M_Flash_Impact_01_1X2_INST.uasset" 14
"D:/Code/UE/Homework/Content/InfinityBladeEffects/Effects/Masters/M_Add_Sprite_Master.uasset" 15
"D:/Code/UE/Homework/Content/InfinityBladeEffects/Effects/FX_Textures/Gradient/T_SlashArc.uasset" 16
"D:/Code/UE/Homework/Content/InfinityBladeEffects/Effects/FX_Materials/Gradient/M_SlashArc_01_INST.uasset" 17
"D:/Code/UE/Homework/Content/InfinityBladeEffects/Effects/FX_Meshes/Skills/SM_SlashArc.uasset" 18
"D:/Code/UE/Homework/Content/InfinityBladeEffects/Effects/FX_Combat_Base/Impact/P_Impact_Player_Fire_Strong.uasset" 19
"D:/Code/UE/Homework/Content/Mannequin/Character/Mesh/SK_Mannequin_Skeleton.uasset" 20
"D:/Code/UE/Homework/Content/Mannequin/Animations/ThirdPersonJump_End.uasset" 21
"D:/Code/UE/Homework/Content/Mannequin/Animations/ThirdPersonJump_Loop.uasset" 22
"D:/Code/UE/Homework/Content/Mannequin/Animations/ThirdPersonJump_Start.uasset" 23
"D:/Code/UE/Homework/Content/Mannequin/Animations/ThirdPersonIdle.uasset" 24
"D:/Code/UE/Homework/Content/Mannequin/Animations/ThirdPersonRun.uasset" 25
"D:/Code/UE/Homework/Content/Mannequin/Animations/ThirdPersonWalk.uasset" 26
"D:/Code/UE/Homework/Content/Mannequin/Animations/ThirdPerson_IdleRun_2D.uasset" 27
"../../../Engine/Content/EditorBlueprintResources/StandardMacros.uasset" 28
"D:/Code/UE/Homework/Content/Mannequin/Animations/ThirdPerson_AnimBP.uasset" 29
"D:/Code/UE/Homework/Content/Mannequin/Animations/ThirdPerson_Jump.uasset" 30
"../../../Engine/Content/Functions/Engine_MaterialFunctions02/Utility/BlendAngleCorrectedNormals.uasset" 31
"../../../Engine/Content/Functions/MaterialLayerFunctions/MatLayerBlend_NormalBlend.uasset" 32
"../../../Engine/Content/Functions/MaterialLayerFunctions/MatLayerBlend_Simple.uasset" 33
"D:/Code/UE/Homework/Content/Mannequin/Character/Materials/MaterialLayers/T_ML_Rubber_Blue_01_D.uasset" 34
"D:/Code/UE/Homework/Content/Mannequin/Character/Materials/MaterialLayers/T_ML_Rubber_Blue_01_N.uasset" 35
"D:/Code/UE/Homework/Content/Mannequin/Character/Materials/MaterialLayers/ML_GlossyBlack_Latex_UE4.uasset" 36
"D:/Code/UE/Homework/Content/Mannequin/Character/Materials/MaterialLayers/ML_Plastic_Shiny_Beige.uasset" 37
"D:/Code/UE/Homework/Content/Mannequin/Character/Textures/UE4_LOGO_CARD.uasset" 38
"D:/Code/UE/Homework/Content/Mannequin/Character/Materials/MaterialLayers/ML_Plastic_Shiny_Beige_LOGO.uasset" 39
"D:/Code/UE/Homework/Content/Mannequin/Character/Materials/MaterialLayers/T_ML_Aluminum01.uasset" 40
"D:/Code/UE/Homework/Content/Mannequin/Character/Materials/MaterialLayers/T_ML_Aluminum01_N.uasset" 41
"D:/Code/UE/Homework/Content/Mannequin/Character/Materials/MaterialLayers/ML_SoftMetal_UE4.uasset" 42
"D:/Code/UE/Homework/Content/Mannequin/Character/Textures/T_UE4_Mannequin_Mobile_M.uasset" 43
"D:/Code/UE/Homework/Content/Mannequin/Character/Textures/T_UE4_Mannequin_Mobile_N.uasset" 44
"D:/Code/UE/Homework/Content/Mannequin/Character/Materials/M_UE4Man_Body.uasset" 45
"D:/Code/UE/Homework/Content/Mannequin/Character/Textures/UE4Man_Logo_N.uasset" 46
"D:/Code/UE/Homework/Content/Mannequin/Character/Materials/M_UE4Man_ChestLogo.uasset" 47
"D:/Code/UE/Homework/Content/Mannequin/Character/Mesh/SK_Mannequin.uasset" 48
"D:/Code/UE/Homework/Content/Mannequin/Character/Mesh/SK_Mannequin_PhysicsAsset.uasset" 49
"../../../Engine/Content/Functions/Engine_MaterialFunctions01/Gradient/RadialGradient.uasset" 50
"D:/Code/UE/Homework/Content/Materials/M_Bullet.uasset" 51
"D:/Code/UE/Homework/Content/Materials/M_Bullet_Inst.uasset" 52
"D:/Code/UE/Homework/Content/MobileStarterContent/Materials/M_Basic_Wall.uasset" 53
"D:/Code/UE/Homework/Content/MobileStarterContent/Architecture/Pillar_50x500.uasset" 54
"D:/Code/UE/Homework/Content/MobileStarterContent/Architecture/Wall_400x300.uasset" 55
"D:/Code/UE/Homework/Content/MobileStarterContent/Architecture/Wall_400x400.uasset" 56
"D:/Code/UE/Homework/Content/MobileStarterContent/Architecture/Wall_500x500.uasset" 57
"D:/Code/UE/Homework/Content/MobileStarterContent/Architecture/Wall_Door_400x400.uasset" 58
"D:/Code/UE/Homework/Content/MobileStarterContent/Architecture/Wall_Window_400x400.uasset" 59
"D:/Code/UE/Homework/Content/MobileStarterContent/Audio/Light01.uasset" 60
"D:/Code/UE/Homework/Content/MobileStarterContent/Audio/Light01_Cue.uasset" 61
"D:/Code/UE/Homework/Content/MobileStarterContent/Audio/Light02.uasset" 62
"D:/Code/UE/Homework/Content/MobileStarterContent/Audio/Light02_Cue.uasset" 63
"D:/Code/UE/Homework/Content/MobileStarterContent/Audio/Steam01.uasset" 64
"D:/Code/UE/Homework/Content/MobileStarterContent/Audio/Steam01_Cue.uasset" 65
"D:/Code/UE/Homework/Content/MobileStarterContent/Audio/Explosion01.uasset" 66
"D:/Code/UE/Homework/Content/MobileStarterContent/Audio/Explosion02.uasset" 67
"D:/Code/UE/Homework/Content/MobileStarterContent/Audio/Explosion_Cue.uasset" 68
"D:/Code/UE/Homework/Content/MobileStarterContent/Textures/T_Burst_M.uasset" 69
"D:/Code/UE/Homework/Content/MobileStarterContent/Particles/Materials/M_Burst.uasset" 70
"D:/Code/UE/Homework/Content/MobileStarterContent/Textures/T_Explosion_SubUV.uasset" 71
"D:/Code/UE/Homework/Content/MobileStarterContent/Particles/Materials/M_explosion_subUV.uasset" 72
"D:/Code/UE/Homework/Content/MobileStarterContent/Particles/Materials/m_flare_01.uasset" 73
"D:/Code/UE/Homework/Content/MobileStarterContent/Particles/Materials/M_radial_ramp.uasset" 74
"D:/Code/UE/Homework/Content/MobileStarterContent/Textures/T_Smoke_SubUV.uasset" 75
"D:/Code/UE/Homework/Content/MobileStarterContent/Textures/T_Smoke_Tiled_D.uasset" 76
"D:/Code/UE/Homework/Content/MobileStarterContent/Particles/Materials/M_smoke_subUV.uasset" 77
"D:/Code/UE/Homework/Content/MobileStarterContent/Particles/P_Explosion.uasset" 78
"D:/Code/UE/Homework/Content/MobileStarterContent/Blueprints/Blueprint_Effect_Explosion.uasset" 79
"D:/Code/UE/Homework/Content/MobileStarterContent/Textures/T_Bush_D.uasset" 80
"D:/Code/UE/Homework/Content/MobileStarterContent/Textures/T_Bush_N.uasset" 81
"D:/Code/UE/Homework/Content/MobileStarterContent/Props/Materials/M_Bush.uasset" 82
"D:/Code/UE/Homework/Content/MobileStarterContent/Props/SM_Bush.uasset" 83
"D:/Code/UE/Homework/Content/MobileStarterContent/Textures/T_Chair_M.uasset" 84
"D:/Code/UE/Homework/Content/MobileStarterContent/Textures/T_Chair_N.uasset" 85
"D:/Code/UE/Homework/Content/MobileStarterContent/Props/Materials/M_Chair.uasset" 86
"D:/Code/UE/Homework/Content/MobileStarterContent/Props/SM_Couch.uasset" 87
"D:/Code/UE/Homework/Content/MobileStarterContent/Materials/M_Glass.uasset" 88
"D:/Code/UE/Homework/Content/MobileStarterContent/Textures/T_Door_M.uasset" 89
"D:/Code/UE/Homework/Content/MobileStarterContent/Textures/T_Door_N.uasset" 90
"D:/Code/UE/Homework/Content/MobileStarterContent/Props/Materials/M_Door.uasset" 91
"D:/Code/UE/Homework/Content/MobileStarterContent/Props/SM_Door.uasset" 92
"D:/Code/UE/Homework/Content/MobileStarterContent/Props/Materials/M_MaterialSphere.uasset" 93
"D:/Code/UE/Homework/Content/MobileStarterContent/Props/Materials/M_MaterialSphere_Plain.uasset" 94
"D:/Code/UE/Homework/Content/MobileStarterContent/Props/SM_MatPreviewMesh_02.uasset" 95
"D:/Code/UE/Homework/Content/MobileStarterContent/Textures/T_Rock_Basalt_D.uasset" 96
"D:/Code/UE/Homework/Content/MobileStarterContent/Textures/T_RockMesh_M.uasset" 97
"D:/Code/UE/Homework/Content/MobileStarterContent/Textures/T_RockMesh_N.uasset" 98
"D:/Code/UE/Homework/Content/MobileStarterContent/Props/Materials/M_Rock.uasset" 99
"D:/Code/UE/Homework/Content/MobileStarterContent/Props/SM_Rock.uasset" 100
"D:/Code/UE/Homework/Content/MobileStarterContent/Textures/T_Shelf_M.uasset" 101
"D:/Code/UE/Homework/Content/MobileStarterContent/Textures/T_Shelf_N.uasset" 102
"D:/Code/UE/Homework/Content/MobileStarterContent/Props/Materials/M_Shelf.uasset" 103
"D:/Code/UE/Homework/Content/MobileStarterContent/Props/SM_Shelf.uasset" 104
"D:/Code/UE/Homework/Content/MobileStarterContent/Props/SM_Stairs.uasset" 105
"D:/Code/UE/Homework/Content/MobileStarterContent/Shapes/Shape_Cone.uasset" 106
"D:/Code/UE/Homework/Content/MobileStarterContent/Shapes/Shape_Cylinder.uasset" 107
"D:/Code/UE/Homework/Content/MobileStarterContent/Shapes/Shape_Pipe.uasset" 108
"D:/Code/UE/Homework/Content/MobileStarterContent/Shapes/Shape_Pipe_180.uasset" 109
"D:/Code/UE/Homework/Content/MobileStarterContent/Shapes/Shape_Pipe_90.uasset" 110
"D:/Code/UE/Homework/Content/MobileStarterContent/Shapes/Shape_Plane.uasset" 111
"D:/Code/UE/Homework/Content/MobileStarterContent/Shapes/Shape_Torus.uasset" 112
"D:/Code/UE/Homework/Content/MobileStarterContent/Shapes/Shape_Trim.uasset" 113
"D:/Code/UE/Homework/Content/MobileStarterContent/Shapes/Shape_Trim_90_In.uasset" 114
"D:/Code/UE/Homework/Content/MobileStarterContent/Shapes/Shape_Trim_90_Out.uasset" 115
"D:/Code/UE/Homework/Content/MobileStarterContent/Shapes/Shape_TriPyramid.uasset" 116
"D:/Code/UE/Homework/Content/MobileStarterContent/Shapes/Shape_Tube.uasset" 117
"D:/Code/UE/Homework/Content/MobileStarterContent/Shapes/Shape_Wedge_A.uasset" 118
"D:/Code/UE/Homework/Content/MobileStarterContent/Shapes/Shape_Wedge_B.uasset" 119
"D:/Code/UE/Homework/Content/MobileStarterContent/Shapes/Shape_WideCapsule.uasset" 120
"D:/Code/UE/Homework/Content/MobileStarterContent/Textures/T_CobbleStone_Pebble_M.uasset" 121
"D:/Code/UE/Homework/Content/MobileStarterContent/Textures/T_Concrete_Tiles_Variation_M.uasset" 122
"D:/Code/UE/Homework/Content/MobileStarterContent/Textures/T_Detail_Rocky_N.uasset" 123
"D:/Code/UE/Homework/Content/MobileStarterContent/Textures/T_Gradinet_01.uasset" 124
"D:/Code/UE/Homework/Content/MobileStarterContent/Textures/T_Perlin_Noise_M.uasset" 125
"D:/Code/UE/Homework/Content/MobileStarterContent/Textures/T_Rock_Smooth_Granite_D.uasset" 126
"D:/Code/UE/Homework/Content/ThirdPerson/Meshes/RampMaterial.uasset" 127
"D:/Code/UE/Homework/Content/ThirdPerson/Meshes/Bump_StaticMesh.uasset" 128
"D:/Code/UE/Homework/Content/ThirdPerson/Meshes/LeftArm_StaticMesh.uasset" 129
"D:/Code/UE/Homework/Content/ThirdPerson/Meshes/Linear_Stair_StaticMesh.uasset" 130
"D:/Code/UE/Homework/Content/ThirdPerson/Meshes/Ramp_StaticMesh.uasset" 131
"D:/Code/UE/Homework/Content/ThirdPerson/Meshes/RightArm_StaticMesh.uasset" 132
"D:/Code/UE/Homework/Content/ThirdPersonBP/ThirdPersonOverview.uasset" 133
"D:/Code/UE/Homework/Content/ThirdPersonBP/Blueprints/others/blood.uasset" 134
"D:/Code/UE/Homework/Content/ThirdPersonBP/Blueprints/blood.uasset" 135
"D:/Code/UE/Homework/Content/ThirdPersonBP/Blueprints/others/NewCanvasRenderTarget2D.uasset" 136
"D:/Code/UE/Homework/Content/ThirdPersonBP/Blueprints/others/Capture2D.uasset" 137
"D:/Code/UE/Homework/Content/ThirdPersonBP/Blueprints/Capture2D.uasset" 138
"D:/Code/UE/Homework/Content/ThirdPersonBP/Blueprints/UI/DamageBlood.uasset" 139
"D:/Code/UE/Homework/Content/ThirdPersonBP/Blueprints/DamageBlood.uasset" 140
"D:/Code/UE/Homework/Content/MobileStarterContent/Shapes/Shape_NarrowCapsule.uasset" 141
"D:/Code/UE/Homework/Content/ThirdPersonBP/Blueprints/others/Projectile_Base.uasset" 142
"../../../Engine/Content/Animation/DefaultAnimBoneCompressionSettings.uasset" 143
"D:/Code/UE/Homework/Content/ThirdPersonBP/Blueprints/Character/Swat/Swat_Skeleton.uasset" 144
"D:/Code/UE/Homework/Content/ThirdPersonBP/Blueprints/Character/Swat_Skeleton.uasset" 145
"D:/Code/UE/Homework/Content/ThirdPersonBP/Blueprints/Character/Animations/idle_aiming.uasset" 146
"D:/Code/UE/Homework/Content/ThirdPersonBP/Blueprints/Character/Animations/idle.uasset" 147
"D:/Code/UE/Homework/Content/ThirdPersonBP/Blueprints/Character/footstep/step.uasset" 148
"D:/Code/UE/Homework/Content/ThirdPersonBP/Blueprints/Character/Animations/run_backward_inPlace.uasset" 149
"D:/Code/UE/Homework/Content/ThirdPersonBP/Blueprints/Character/Animations/run_forward_inPlace.uasset" 150
"D:/Code/UE/Homework/Content/ThirdPersonBP/Blueprints/Character/Animations/run_left_inPlace.uasset" 151
"D:/Code/UE/Homework/Content/ThirdPersonBP/Blueprints/Character/Animations/run_right_inPlace.uasset" 152
"D:/Code/UE/Homework/Content/ThirdPersonBP/Blueprints/Character/Animations/walk_backward_inPlace.uasset" 153
"D:/Code/UE/Homework/Content/ThirdPersonBP/Blueprints/Character/Animations/walk_forward_inPlace.uasset" 154
"D:/Code/UE/Homework/Content/ThirdPersonBP/Blueprints/Character/Animations/walk_left_inPlace.uasset" 155
"D:/Code/UE/Homework/Content/ThirdPersonBP/Blueprints/Character/Animations/walk_right_inPlace.uasset" 156
"D:/Code/UE/Homework/Content/ThirdPersonBP/Blueprints/Character/Swat/Walk_Run_BS.uasset" 157
"D:/Code/UE/Homework/Content/ThirdPersonBP/Blueprints/Character/Swat/SWAT_ANIT_BP.uasset" 158
"D:/Code/UE/Homework/Content/MobileStarterContent/Textures/T_Tech_Panel_M.uasset" 159
"D:/Code/UE/Homework/Content/MobileStarterContent/Textures/T_Tech_Panel_N.uasset" 160
"D:/Code/UE/Homework/Content/MobileStarterContent/Materials/M_Tech_Panel.uasset" 161
"D:/Code/UE/Homework/Content/MobileStarterContent/Shapes/Shape_Sphere.uasset" 162
"D:/Code/UE/Homework/Content/ThirdPersonBP/Blueprints/Character/Weapons/AK47/Grenade.uasset" 163
"D:/Code/UE/Homework/Content/InfinityBladeEffects/Effects/FX_Textures/Fire/T_Fire_subUV_6X6.uasset" 164
"D:/Code/UE/Homework/Content/InfinityBladeEffects/Effects/FX_Materials/Fire/M_Fire_01_Add_6X6_INST.uasset" 165
"D:/Code/UE/Homework/Content/InfinityBladeEffects/Effects/Masters/M_Trans_Sprite_SubUV_Master.uasset" 166
"D:/Code/UE/Homework/Content/InfinityBladeEffects/Effects/FX_Textures/Fire/T_Fireball_02_SubUV_4_4.uasset" 167
"D:/Code/UE/Homework/Content/InfinityBladeEffects/Effects/FX_Materials/Fire/M_Fireball_03_4_4_INST.uasset" 168
"D:/Code/UE/Homework/Content/InfinityBladeEffects/Effects/FX_Textures/Gradient/T_starFlare_03.uasset" 169
"D:/Code/UE/Homework/Content/InfinityBladeEffects/Effects/FX_Materials/Gradient/M_Flare_04_INST.uasset" 170
"D:/Code/UE/Homework/Content/InfinityBladeEffects/Effects/FX_Textures/Smoke/T_SmokeBall_01_8_8.uasset" 171
"D:/Code/UE/Homework/Content/InfinityBladeEffects/Effects/FX_Materials/Smoke/M_Smoke_01_8X8_INST.uasset" 172
"D:/Code/UE/Homework/Content/InfinityBladeEffects/Effects/FX_Textures/Spark/T_Sparks_04_SubUV_1_4.uasset" 173
"D:/Code/UE/Homework/Content/InfinityBladeEffects/Effects/FX_Materials/Spark/M_Spark_04_SubUV_1_4_INST.uasset" 174
"D:/Code/UE/Homework/Content/InfinityBladeEffects/Effects/FX_Monsters/FX_Monster_Gruntling/Master/P_BackPack_MuzzleFlash.uasset" 175
"D:/Code/UE/Homework/Content/ThirdPersonBP/Blueprints/Character/Weapons/M4A1/M4A1_Diffuse.uasset" 176
"D:/Code/UE/Homework/Content/ThirdPersonBP/Blueprints/Character/Weapons/M4A1/M4A1_Diffuse_Mat.uasset" 177
"D:/Code/UE/Homework/Content/ThirdPersonBP/Blueprints/Character/Weapons/M4A1/silencer001Mat.uasset" 178
"D:/Code/UE/Homework/Content/ThirdPersonBP/Blueprints/Character/Weapons/M4A1/M4A1_silencer001_PhysicsAsset.uasset" 179
"D:/Code/UE/Homework/Content/ThirdPersonBP/Blueprints/Character/Weapons/M4A1/M4A1_silencer001_Skeleton.uasset" 180
"D:/Code/UE/Homework/Content/ThirdPersonBP/Blueprints/Character/Weapons/M4A1/M4A1_weapon002_PhysicsAsset.uasset" 181
"D:/Code/UE/Homework/Content/ThirdPersonBP/Blueprints/Character/Weapons/M4A1/M4A1_weapon002_Skeleton.uasset" 182
"D:/Code/UE/Homework/Content/ThirdPersonBP/Blueprints/Character/Weapons/M4A1/M4A1.uasset" 183
"D:/Code/UE/Homework/Content/ThirdPersonBP/Blueprints/Character/Weapons/M4A1/Weapon_M4A1.uasset" 184
"../../../Engine/Content/BasicShapes/BasicShapeMaterial.uasset" 185
"../../../Engine/Content/Functions/Engine_MaterialFunctions01/Opacity/CameraDepthFade.uasset" 186
"../../../Engine/Content/EngineMaterials/T_Default_Material_Grid_M.uasset" 187
"../../../Engine/Content/EngineMaterials/T_Default_Material_Grid_N.uasset" 188
"../../../Engine/Content/EngineMaterials/DefaultMaterial.uasset" 189
"../../../Engine/Content/BasicShapes/Sphere.uasset" 190
"D:/Code/UE/Homework/Content/ThirdPersonBP/Blueprints/Character/Swat/Soldier_Body_diffuse.uasset" 191
"D:/Code/UE/Homework/Content/ThirdPersonBP/Blueprints/Character/Swat/Soldier_Body_normal.uasset" 192
"D:/Code/UE/Homework/Content/ThirdPersonBP/Blueprints/Character/Swat/Soldier_Body_specular.uasset" 193
"D:/Code/UE/Homework/Content/ThirdPersonBP/Blueprints/Character/Swat/Soldier_body1.uasset" 194
"D:/Code/UE/Homework/Content/ThirdPersonBP/Blueprints/Character/Swat/Soldier_head_diffuse.uasset" 195
"D:/Code/UE/Homework/Content/ThirdPersonBP/Blueprints/Character/Swat/Soldier_head_normal.uasset" 196
"D:/Code/UE/Homework/Content/ThirdPersonBP/Blueprints/Character/Swat/Soldier_head_specular.uasset" 197
"D:/Code/UE/Homework/Content/ThirdPersonBP/Blueprints/Character/Swat/Soldier_head6.uasset" 198
"D:/Code/UE/Homework/Content/ThirdPersonBP/Blueprints/Character/Swat/Swat_PhysicsAsset.uasset" 199
"D:/Code/UE/Homework/Content/ThirdPersonBP/Blueprints/Character/Swat/Swat.uasset" 200
"D:/Code/UE/Homework/Content/ThirdPersonBP/Blueprints/ThirdPersonCharacter.uasset" 201
"D:/Code/UE/Homework/Content/ThirdPersonBP/Blueprints/Character/Weapons/AK47/AK_diffuse.uasset" 202
"D:/Code/UE/Homework/Content/ThirdPersonBP/Blueprints/Character/Weapons/AK47/AK_normal.uasset" 203
"D:/Code/UE/Homework/Content/ThirdPersonBP/Blueprints/Character/Weapons/AK47/AK_specular.uasset" 204
"D:/Code/UE/Homework/Content/ThirdPersonBP/Blueprints/Character/Weapons/AK47/AKMat.uasset" 205
"D:/Code/UE/Homework/Content/ThirdPersonBP/Blueprints/Character/Weapons/AK47/AK_PhysicsAsset.uasset" 206
"D:/Code/UE/Homework/Content/ThirdPersonBP/Blueprints/Character/Weapons/AK47/AK_Skeleton.uasset" 207
"D:/Code/UE/Homework/Content/ThirdPersonBP/Blueprints/Character/Weapons/AK47/AK.uasset" 208
"D:/Code/UE/Homework/Content/ThirdPersonBP/Blueprints/Character/Weapons/AK47/Weapon.uasset" 209
"D:/Code/UE/Homework/Content/ThirdPersonBP/Blueprints/touch/Armor_Border.uasset" 210
"D:/Code/UE/Homework/Content/ThirdPersonBP/Blueprints/touch/Armor_Icon.uasset" 211
"D:/Code/UE/Homework/Content/ThirdPersonBP/Blueprints/touch/Bar_Fill.uasset" 212
"D:/Code/UE/Homework/Content/ThirdPersonBP/Blueprints/touch/Bar_NoFill.uasset" 213
"D:/Code/UE/Homework/Content/ThirdPersonBP/Blueprints/touch/Change.uasset" 214
"D:/Code/UE/Homework/Content/ThirdPersonBP/Blueprints/touch/fire.uasset" 215
"D:/Code/UE/Homework/Content/ThirdPersonBP/Blueprints/touch/Grenade.uasset" 216
"D:/Code/UE/Homework/Content/ThirdPersonBP/Blueprints/touch/Health_Icon.uasset" 217
"D:/Code/UE/Homework/Content/ThirdPersonBP/Blueprints/touch/jump.uasset" 218
"D:/Code/UE/Homework/Content/ThirdPersonBP/Blueprints/UI/FPSHUD.uasset" 219
"D:/Code/UE/Homework/Content/ThirdPersonBP/Blueprints/FPSHUD.uasset" 220
"D:/Code/UE/Homework/Content/ThirdPersonBP/Blueprints/others/NewCanvasRenderTarget2D_Mat.uasset" 221
"D:/Code/UE/Homework/Content/ThirdPersonBP/Blueprints/others/Minimap_Arrow.uasset" 222
"D:/Code/UE/Homework/Content/ThirdPersonBP/Blueprints/UI/LittleMap.uasset" 223
"D:/Code/UE/Homework/Content/ThirdPersonBP/Blueprints/LittleMap.uasset" 224
"D:/Code/UE/Homework/Content/ThirdPersonBP/Blueprints/NewCanvasRenderTarget2D.uasset" 225
"D:/Code/UE/Homework/Content/ThirdPersonBP/Blueprints/NewCanvasRenderTarget2D_Mat.uasset" 226
"D:/Code/UE/Homework/Content/ThirdPersonBP/Blueprints/others/Pain.uasset" 227
"D:/Code/UE/Homework/Content/ThirdPersonBP/Blueprints/Pain.uasset" 228
"D:/Code/UE/Homework/Content/ThirdPersonBP/Blueprints/Projectile_Base.uasset" 229
"D:/Code/UE/Homework/Content/ThirdPersonBP/Blueprints/ThirdPersonGameMode.uasset" 230
"D:/Code/UE/Homework/Content/ThirdPersonBP/Blueprints/Character/Swat/Crouch_BS.uasset" 231
"D:/Code/UE/Homework/Content/ThirdPersonBP/Blueprints/Character/Crouch_BS.uasset" 232
"D:/Code/UE/Homework/Content/ThirdPersonBP/Blueprints/Character/Soldier_body1.uasset" 233
"D:/Code/UE/Homework/Content/ThirdPersonBP/Blueprints/Character/Soldier_Body_diffuse.uasset" 234
"D:/Code/UE/Homework/Content/ThirdPersonBP/Blueprints/Character/Soldier_Body_normal.uasset" 235
"D:/Code/UE/Homework/Content/ThirdPersonBP/Blueprints/Character/Soldier_Body_specular.uasset" 236
"D:/Code/UE/Homework/Content/ThirdPersonBP/Blueprints/Character/Soldier_head6.uasset" 237
"D:/Code/UE/Homework/Content/ThirdPersonBP/Blueprints/Character/Soldier_head_diffuse.uasset" 238
"D:/Code/UE/Homework/Content/ThirdPersonBP/Blueprints/Character/Soldier_head_normal.uasset" 239
"D:/Code/UE/Homework/Content/ThirdPersonBP/Blueprints/Character/Soldier_head_specular.uasset" 240
"D:/Code/UE/Homework/Content/ThirdPersonBP/Blueprints/Character/Swat.uasset" 241
"D:/Code/UE/Homework/Content/ThirdPersonBP/Blueprints/Character/SWAT_ANIT_BP.uasset" 242
"D:/Code/UE/Homework/Content/ThirdPersonBP/Blueprints/Character/SWAT_ANI_BP.uasset" 243
"D:/Code/UE/Homework/Content/ThirdPersonBP/Blueprints/Character/Swat_PhysicsAsset.uasset" 244
"D:/Code/UE/Homework/Content/ThirdPersonBP/Blueprints/Character/Walk_Run_BS.uasset" 245
"D:/Code/UE/Homework/Content/ThirdPersonBP/Blueprints/Character/Animations/crouching_turn_90_left.uasset" 246
"D:/Code/UE/Homework/Content/ThirdPersonBP/Blueprints/Character/Animations/crouching_turn_90_right.uasset" 247
"D:/Code/UE/Homework/Content/ThirdPersonBP/Blueprints/Character/Animations/death_crouching_headshot_front.uasset" 248
"D:/Code/UE/Homework/Content/ThirdPersonBP/Blueprints/Character/Animations/death_from_back_headshot.uasset" 249
"D:/Code/UE/Homework/Content/ThirdPersonBP/Blueprints/Character/Animations/death_from_front_headshot.uasset" 250
"D:/Code/UE/Homework/Content/ThirdPersonBP/Blueprints/Character/Animations/death_from_right.uasset" 251
"D:/Code/UE/Homework/Content/ThirdPersonBP/Blueprints/Character/Animations/death_from_the_back.uasset" 252
"D:/Code/UE/Homework/Content/ThirdPersonBP/Blueprints/Character/Animations/death_from_the_front.uasset" 253
"D:/Code/UE/Homework/Content/ThirdPersonBP/Blueprints/Character/Animations/idle_crouching.uasset" 254
"D:/Code/UE/Homework/Content/ThirdPersonBP/Blueprints/Character/Animations/idle_crouching_aiming.uasset" 255
"D:/Code/UE/Homework/Content/ThirdPersonBP/Blueprints/Character/Animations/jump_down.uasset" 256
"D:/Code/UE/Homework/Content/ThirdPersonBP/Blueprints/Character/Animations/jump_loop.uasset" 257
"D:/Code/UE/Homework/Content/ThirdPersonBP/Blueprints/Character/Animations/jump_up.uasset" 258
"D:/Code/UE/Homework/Content/ThirdPersonBP/Blueprints/Character/Animations/reloading_inPlace.uasset" 259
"D:/Code/UE/Homework/Content/ThirdPersonBP/Blueprints/Character/Animations/run_backward_left_inPlace.uasset" 260
"D:/Code/UE/Homework/Content/ThirdPersonBP/Blueprints/Character/Animations/run_backward_right_inPlace.uasset" 261
"D:/Code/UE/Homework/Content/ThirdPersonBP/Blueprints/Character/Animations/run_forward_left_inPlace.uasset" 262
"D:/Code/UE/Homework/Content/ThirdPersonBP/Blueprints/Character/Animations/run_forward_right_inPlace.uasset" 263
"D:/Code/UE/Homework/Content/ThirdPersonBP/Blueprints/Character/Animations/sprint_backward_inPlace.uasset" 264
"D:/Code/UE/Homework/Content/ThirdPersonBP/Blueprints/Character/Animations/sprint_backward_left_inPlace.uasset" 265
"D:/Code/UE/Homework/Content/ThirdPersonBP/Blueprints/Character/Animations/sprint_backward_right_inPlace.uasset" 266
"D:/Code/UE/Homework/Content/ThirdPersonBP/Blueprints/Character/Animations/sprint_forward_inPlace.uasset" 267
"D:/Code/UE/Homework/Content/ThirdPersonBP/Blueprints/Character/Animations/sprint_forward_left_inPlace.uasset" 268
"D:/Code/UE/Homework/Content/ThirdPersonBP/Blueprints/Character/Animations/sprint_forward_right_inPlace.uasset" 269
"D:/Code/UE/Homework/Content/ThirdPersonBP/Blueprints/Character/Animations/sprint_left_inPlace.uasset" 270
"D:/Code/UE/Homework/Content/ThirdPersonBP/Blueprints/Character/Animations/sprint_right_inPlace.uasset" 271
"D:/Code/UE/Homework/Content/ThirdPersonBP/Blueprints/Character/Animations/turn_90_left.uasset" 272
"D:/Code/UE/Homework/Content/ThirdPersonBP/Blueprints/Character/Animations/turn_90_right.uasset" 273
"D:/Code/UE/Homework/Content/ThirdPersonBP/Blueprints/Character/Animations/walk_backward_left_inPlace.uasset" 274
"D:/Code/UE/Homework/Content/ThirdPersonBP/Blueprints/Character/Animations/walk_backward_right_inPlace.uasset" 275
"D:/Code/UE/Homework/Content/ThirdPersonBP/Blueprints/Character/Animations/walk_crouching_backward_inPlace.uasset" 276
"D:/Code/UE/Homework/Content/ThirdPersonBP/Blueprints/Character/Animations/walk_crouching_backward_left_inPlace.uasset" 277
"D:/Code/UE/Homework/Content/ThirdPersonBP/Blueprints/Character/Animations/walk_crouching_backward_right_inPlace.uasset" 278
"D:/Code/UE/Homework/Content/ThirdPersonBP/Blueprints/Character/Animations/walk_crouching_forward_inPlace.uasset" 279
"D:/Code/UE/Homework/Content/ThirdPersonBP/Blueprints/Character/Animations/walk_crouching_forward_left_inPlace.uasset" 280
"D:/Code/UE/Homework/Content/ThirdPersonBP/Blueprints/Character/Animations/walk_crouching_forward_right_inPlace.uasset" 281
"D:/Code/UE/Homework/Content/ThirdPersonBP/Blueprints/Character/Animations/walk_crouching_left_inPlace.uasset" 282
"D:/Code/UE/Homework/Content/ThirdPersonBP/Blueprints/Character/Animations/walk_crouching_right_inPlace.uasset" 283
"D:/Code/UE/Homework/Content/ThirdPersonBP/Blueprints/Character/Animations/walk_forward_left_inPlace.uasset" 284
"D:/Code/UE/Homework/Content/ThirdPersonBP/Blueprints/Character/Animations/walk_forward_right_inPlace.uasset" 285
"D:/Code/UE/Homework/Content/ThirdPersonBP/Blueprints/Character/Weapons/AK.uasset" 286
"D:/Code/UE/Homework/Content/ThirdPersonBP/Blueprints/Character/Weapons/AKMat.uasset" 287
"D:/Code/UE/Homework/Content/ThirdPersonBP/Blueprints/Character/Weapons/AK_diffuse.uasset" 288
"D:/Code/UE/Homework/Content/ThirdPersonBP/Blueprints/Character/Weapons/AK_normal.uasset" 289
"D:/Code/UE/Homework/Content/ThirdPersonBP/Blueprints/Character/Weapons/AK_PhysicsAsset.uasset" 290
"D:/Code/UE/Homework/Content/ThirdPersonBP/Blueprints/Character/Weapons/AK_Skeleton.uasset" 291
"D:/Code/UE/Homework/Content/ThirdPersonBP/Blueprints/Character/Weapons/AK_specular.uasset" 292
"D:/Code/UE/Homework/Content/ThirdPersonBP/Blueprints/Character/Weapons/Grenade.uasset" 293
"D:/Code/UE/Homework/Content/ThirdPersonBP/Blueprints/Character/Weapons/Weapon.uasset" 294
"D:/Code/UE/Homework/Content/ThirdPersonBP/Blueprints/Character/Weapons/M4A1/M4A1_silencer001.uasset" 295
"D:/Code/UE/Homework/Content/ThirdPersonBP/Blueprints/Character/Weapons/M4A1/weapon002Mat.uasset" 296
"D:/Code/UE/Homework/Content/ThirdPersonBP/Blueprints/touch/AK-47_Icon.uasset" 297
"D:/Code/UE/Homework/Content/ThirdPersonBP/Blueprints/touch/Grenade1_Icon.uasset" 298
"D:/Code/UE/Homework/Content/ThirdPersonBP/Blueprints/touch/Grenade2_Icon.uasset" 299
"D:/Code/UE/Homework/Content/ThirdPersonBP/Blueprints/touch/Health_Border.uasset" 300
"D:/Code/UE/Homework/Content/ThirdPersonBP/Blueprints/touch/Killfeed_Back.uasset" 301
"D:/Code/UE/Homework/Content/ThirdPersonBP/Blueprints/touch/Killfeed_Border.uasset" 302
"D:/Code/UE/Homework/Content/ThirdPersonBP/Blueprints/touch/M4AI_Icon.uasset" 303
"D:/Code/UE/Homework/Content/ThirdPersonBP/Blueprints/touch/Minimap_Arrow.uasset" 304
"D:/Code/UE/Homework/Content/ThirdPersonBP/Blueprints/touch/Timer_Backing.uasset" 305
"D:/Code/UE/Homework/Content/ThirdPersonBP/Blueprints/touch/01.uasset" 306
"D:/Code/UE/Homework/Content/ThirdPersonBP/Blueprints/touch/02.uasset" 307
"D:/Code/UE/Homework/Content/ThirdPersonBP/Blueprints/touch/TouchInterface.uasset" 308
"../../../Engine/Content/Animation/DefaultAnimCurveCompressionSettings.uasset" 309
"../../../Engine/Content/EngineMaterials/WorldGridMaterial.uasset" 310
"../../../Engine/Content/ArtTools/RenderToTexture/Meshes/S_1_Unit_Plane.uasset" 311
"../../../Engine/Content/BasicShapes/Cone.uasset" 312
"../../../Engine/Content/BasicShapes/Cube.uasset" 313
"../../../Engine/Content/BasicShapes/Cylinder.uasset" 314
"../../../Engine/Content/BasicShapes/Plane.uasset" 315
"../../../Engine/Content/EditorLandscapeResources/DataLayer.uasset" 316
"../../../Engine/Content/EditorMaterials/MAT_Groups_Toggle.uasset" 317
"../../../Engine/Content/EditorMaterials/MAT_Groups_Visibility.uasset" 318
"../../../Engine/Content/EditorMaterials/PreviewShadowIndicator.uasset" 319
"../../../Engine/Content/EditorMaterials/PreviewShadowIndicatorMaterial.uasset" 320
"../../../Engine/Content/EditorMaterials/MatineeGroups/MAT_ColorTrack.uasset" 321
"../../../Engine/Content/EditorMaterials/MatineeGroups/MAT_Groups_Anim.uasset" 322
"../../../Engine/Content/EditorMaterials/MatineeGroups/MAT_Groups_AudioMaster.uasset" 323
"../../../Engine/Content/EditorMaterials/MatineeGroups/MAT_Groups_Director.uasset" 324
"../../../Engine/Content/EditorMaterials/MatineeGroups/MAT_Groups_Event.uasset" 325
"../../../Engine/Content/EditorMaterials/MatineeGroups/MAT_Groups_Fade.uasset" 326
"../../../Engine/Content/EditorMaterials/MatineeGroups/MAT_Groups_Float.uasset" 327
"../../../Engine/Content/EditorMaterials/MatineeGroups/MAT_Groups_Move.uasset" 328
"../../../Engine/Content/EditorMaterials/MatineeGroups/MAT_Groups_Slomo.uasset" 329
"../../../Engine/Content/EditorMaterials/MatineeGroups/MAT_Groups_Sound.uasset" 330
"../../../Engine/Content/EditorMaterials/MatineeGroups/MAT_Groups_Vector.uasset" 331
"../../../Engine/Content/EditorMaterials/ParticleSystems/PSysThumbnail_NoImage.uasset" 332
"../../../Engine/Content/EditorMaterials/ParticleSystems/PSysThumbnail_OOD.uasset" 333
"../../../Engine/Content/EditorMaterials/Camera/CineMat.uasset" 334
"../../../Engine/Content/EditorMaterials/Camera/MI_CineMat_Rig.uasset" 335
"../../../Engine/Content/EditorMeshes/Camera/SM_CraneRig_Arm.uasset" 336
"../../../Engine/Content/EditorMeshes/Camera/SM_CraneRig_Base.uasset" 337
"../../../Engine/Content/EditorMeshes/Camera/SM_CraneRig_Body.uasset" 338
"../../../Engine/Content/EditorMeshes/Camera/SM_CraneRig_Mount.uasset" 339
"../../../Engine/Content/EditorMeshes/Camera/SM_RailRig_Mount.uasset" 340
"../../../Engine/Content/EditorMeshes/Camera/SM_RailRig_Track.uasset" 341
"../../../Engine/Content/EditorResources/BSPVertex.uasset" 342
"../../../Engine/Content/EditorResources/EmptyActor.uasset" 343
"../../../Engine/Content/EditorResources/S_Actor.uasset" 344
"../../../Engine/Content/EditorResources/S_Note.uasset" 345
"../../../Engine/Content/EditorResources/S_Solver.uasset" 346
"../../../Engine/Content/EditorResources/S_Trigger.uasset" 347
"../../../Engine/Content/EditorResources/AudioIcons/S_AudioComponent.uasset" 348
"../../../Engine/Content/EditorResources/AudioIcons/S_AudioComponent_AutoActivate.uasset" 349
"../../../Engine/Content/EditorResources/LightIcons/S_LightError.uasset" 350
"../../../Engine/Content/EditorResources/SequenceRecorder/Countdown.uasset" 351
"../../../Engine/Content/EditorResources/SequenceRecorder/RecordingIndicator.uasset" 352
"../../../Engine/Content/EditorSounds/Notifications/CompileFailed.uasset" 353
"../../../Engine/Content/EditorSounds/Notifications/CompileFailed_Cue.uasset" 354
"../../../Engine/Content/EditorSounds/Notifications/CompileSuccess.uasset" 355
"../../../Engine/Content/EditorSounds/Notifications/CompileStart_Cue.uasset" 356
"../../../Engine/Content/EditorSounds/Notifications/CompileSuccess_Cue.uasset" 357
"../../../Engine/Content/EngineDamageTypes/DmgTypeBP_Environmental.uasset" 358
"../../../Engine/Content/EngineDebugMaterials/DebugEditorMaterial.uasset" 359
"../../../Engine/Content/EngineDebugMaterials/DebugMeshMaterial.uasset" 360
"../../../Engine/Content/EngineDebugMaterials/M_SimpleUnlitTranslucent.uasset" 361
"../../../Engine/Content/Functions/Engine_MaterialFunctions02/Utility/CameraDirectionVector.uasset" 362
"../../../Engine/Content/EngineDebugMaterials/VolumeToRender.uasset" 363
"../../../Engine/Content/EngineDebugMaterials/M_VolumeRenderSphereTracePP.uasset" 364
"../../../Engine/Content/EngineDebugMaterials/WireframeMaterial.uasset" 365
"../../../Engine/Content/EngineFonts/Faces/DroidSansFallback.uasset" 366
"../../../Engine/Content/EngineFonts/Faces/RobotoBold.uasset" 367
"../../../Engine/Content/EngineFonts/Faces/RobotoBoldItalic.uasset" 368
"../../../Engine/Content/EngineFonts/Faces/RobotoItalic.uasset" 369
"../../../Engine/Content/EngineFonts/Faces/RobotoLight.uasset" 370
"../../../Engine/Content/EngineFonts/Faces/RobotoRegular.uasset" 371
"../../../Engine/Content/EngineFonts/Roboto.uasset" 372
"../../../Engine/Content/EngineMaterials/BaseFlattenDiffuseMap.uasset" 373
"../../../Engine/Content/EngineMaterials/BaseFlattenEmissiveMap.uasset" 374
"../../../Engine/Content/EngineMaterials/BaseFlattenGrayscaleMap.uasset" 375
"../../../Engine/Content/EngineMaterials/BaseFlattenNormalMap.uasset" 376
"../../../Engine/Content/EngineMaterials/BaseFlattenMaterial.uasset" 377
"../../../Engine/Content/EngineMaterials/BlueNoise.uasset" 378
"../../../Engine/Content/EngineMaterials/DefaultBloomKernel.uasset" 379
"../../../Engine/Content/EngineMaterials/DefaultBokeh.uasset" 380
"../../../Engine/Content/EngineMaterials/DefaultDiffuse.uasset" 381
"../../../Engine/Content/EngineMaterials/DefaultDeferredDecalMaterial.uasset" 382
"../../../Engine/Content/EngineMaterials/DefaultLightFunctionMaterial.uasset" 383
"../../../Engine/Content/EngineMaterials/DefaultPhysicalMaterial.uasset" 384
"../../../Engine/Content/Functions/Engine_MaterialFunctions02/Utility/BreakOutFloat2Components.uasset" 385
"../../../Engine/Content/EngineMaterials/DefaultPostProcessMaterial.uasset" 386
"../../../Engine/Content/EngineFonts/RobotoDistanceField.uasset" 387
"../../../Engine/Content/EngineMaterials/DefaultTextMaterialOpaque.uasset" 388
"../../../Engine/Content/EngineMaterials/DefaultWhiteGrid.uasset" 389
"../../../Engine/Content/EngineMaterials/DefaultWhiteGrid_Low.uasset" 390
"../../../Engine/Content/EngineMaterials/EmissiveMeshMaterial.uasset" 391
"../../../Engine/Content/EngineMaterials/GizmoMaterial.uasset" 392
"../../../Engine/Content/EngineMaterials/Good64x64TilingNoiseHighFreq.uasset" 393
"../../../Engine/Content/EngineMaterials/MiniFont.uasset" 394
"../../../Engine/Content/EngineMaterials/InvalidLightmapSettings.uasset" 395
"../../../Engine/Content/EngineMaterials/M_InvalidLightmapSettings.uasset" 396
"../../../Engine/Content/Functions/Engine_MaterialFunctions02/WorldPositionOffset/CameraOffset.uasset" 397
"../../../Engine/Content/EngineMaterials/PhAT_JointLimitMaterial.uasset" 398
"../../../Engine/Content/EngineMaterials/PreintegratedSkinBRDF.uasset" 399
"../../../Engine/Content/EngineMaterials/RemoveSurfaceMaterial.uasset" 400
"../../../Engine/Content/EngineMaterials/WeightMapPlaceholderTexture.uasset" 401
"../../../Engine/Content/EngineResources/WhiteSquareTexture.uasset" 402
"../../../Engine/Content/EngineMaterials/Widget3DPassThrough.uasset" 403
"../../../Engine/Content/EngineMaterials/Widget3DPassThrough_Masked.uasset" 404
"../../../Engine/Content/EngineMaterials/Widget3DPassThrough_Opaque.uasset" 405
"../../../Engine/Content/EngineMaterials/Widget3DPassThrough_Masked_OneSided.uasset" 406
"../../../Engine/Content/EngineMaterials/Widget3DPassThrough_Opaque_OneSided.uasset" 407
"../../../Engine/Content/EngineMaterials/Widget3DPassThrough_Translucent.uasset" 408
"../../../Engine/Content/EngineMaterials/Widget3DPassThrough_Translucent_OneSided.uasset" 409
"../../../Engine/Content/EngineMeshes/Cylinder.uasset" 410
"../../../Engine/Content/EngineMeshes/Sphere.uasset" 411
"../../../Engine/Content/EngineResources/DefaultTexture.uasset" 412
"../../../Engine/Content/EngineResources/DefaultTextureCube.uasset" 413
"../../../Engine/Content/EngineResources/DefaultVolumeTexture2D.uasset" 414
"../../../Engine/Content/EngineResources/DefaultVolumeTexture.uasset" 415
"../../../Engine/Content/EngineResources/GradientTexture0.uasset" 416
"../../../Engine/Content/EngineSounds/Master.uasset" 417
"../../../Engine/Content/Functions/Engine_MaterialFunctions01/Shading/ConvertFromDiffSpec.uasset" 418
"../../../Engine/Content/Functions/Engine_MaterialFunctions01/Shading/PowerToRoughness.uasset" 419
"../../../Engine/Content/Maps/Templates/Thumbnails/Default.uasset" 420
"../../../Engine/Content/Maps/Templates/Thumbnails/TimeOfDay.uasset" 421
"../../../Engine/Content/Maps/Templates/Thumbnails/VR-Basic.uasset" 422
"../../../Engine/Content/MobileResources/T_MobileControls_texture.uasset" 423
"../../../Engine/Content/MobileResources/T_MobileMenu2.uasset" 424
"../../../Engine/Content/MobileResources/HUD/AnalogHat.uasset" 425
"../../../Engine/Content/MobileResources/HUD/VirtualJoystick_Background.uasset" 426
"../../../Engine/Content/MobileResources/HUD/VirtualJoystick_Thumb.uasset" 427
"../../../Engine/Content/MobileResources/HUD/DefaultVirtualJoysticks.uasset" 428
"../../../Engine/Content/MobileResources/HUD/LeftVirtualJoystickOnly.uasset" 429
"../../../Engine/Content/MobileResources/HUD/MobileHUDButton1_off.uasset" 430
"../../../Engine/Content/MobileResources/HUD/MobileHUDButton1_on.uasset" 431
"../../../Engine/Content/MobileResources/HUD/MobileHUDButton2_off.uasset" 432
"../../../Engine/Content/MobileResources/HUD/MobileHUDButton2_on.uasset" 433
"../../../Engine/Content/MobileResources/HUD/MobileHUDButton3.uasset" 434
"../../../Engine/Content/MobileResources/HUD/MobileHUDButtonFire.uasset" 435
"../../../Engine/Content/MobileResources/HUD/MobileHUDDirectionPad.uasset" 436
"../../../Engine/Content/MobileResources/HUD/MobileHUDDirectionPad2.uasset" 437
"../../../Engine/Content/MobileResources/HUD/MobileHUDDirectionPad3.uasset" 438
"../../../Engine/Content/MobileResources/HUD/MobileHUDDirectionStick.uasset" 439
"../../../Engine/Content/MobileResources/HUD/T_Castle_ThumbstickInner.uasset" 440
"../../../Engine/Content/MobileResources/HUD/T_Castle_ThumbstickOutter.uasset" 441
"../../../Engine/Content/Tutorial/ContentIntroCurve.uasset" 442
"../../../Engine/Content/Tutorial/Basics/LevelEditorAttract.uasset" 443
"../../../Engine/Content/VREditor/LaserPointer/VR_LaserPower_01.uasset" 444
"../../../Engine/Content/VREditor/TransformGizmo/TransformGizmoMaterial.uasset" 445
"../../../Engine/Content/VREditor/TransformGizmo/TranslucentTransformGizmoMaterial.uasset" 446
"../../../Engine/Content/VREditor/TransformGizmo/BoundingBoxCorner.uasset" 447
"../../../Engine/Content/VREditor/TransformGizmo/BoundingBoxEdge.uasset" 448
"../../../Engine/Content/VREditor/TransformGizmo/PlaneTranslationHandle.uasset" 449
"../../../Engine/Content/VREditor/TransformGizmo/Main.uasset" 450
"../../../Engine/Content/VREditor/TransformGizmo/Xray.uasset" 451
"../../../Engine/Content/VREditor/TransformGizmo/SM_Sequencer_Key.uasset" 452
"../../../Engine/Content/VREditor/TransformGizmo/SM_Sequencer_Node.uasset" 453
"../../Plugins/2D/Paper2D/Content/PlaceholderTextures/DummySpriteTexture.uasset" 454
"../../Plugins/2D/Paper2D/Content/DummySprite.uasset" 455
"../../Plugins/2D/Paper2D/Content/DefaultPaperTerrainMaterial.uasset" 456
"../../Plugins/2D/Paper2D/Content/DefaultSpriteMaterial.uasset" 457
"../../Plugins/2D/Paper2D/Content/MaskedUnlitSpriteMaterial.uasset" 458
"../../Plugins/2D/Paper2D/Content/OpaqueUnlitSpriteMaterial.uasset" 459
"../../Plugins/FX/Niagara/Content/Enums/ENiagaraBooleanLogicOps.uasset" 460
"../../Plugins/FX/Niagara/Content/Enums/ENiagaraCoordinateSpace.uasset" 461
"../../Plugins/FX/Niagara/Content/Enums/ENiagaraExpansionMode.uasset" 462
"../../Plugins/FX/Niagara/Content/Enums/ENiagaraOrientationAxis.uasset" 463
"../../Plugins/FX/Niagara/Content/Enums/ENiagaraRandomnessMode.uasset" 464
"../../../Engine/Content/Functions/Engine_MaterialFunctions02/Utility/BreakOutFloat4Components.uasset" 465
"../../../Engine/Content/Functions/Engine_MaterialFunctions02/Utility/MakeFloat2.uasset" 466
"../../../Engine/Content/Functions/Engine_MaterialFunctions02/Utility/MakeFloat3.uasset" 467
"../../Plugins/Runtime/Oculus/OculusVR/Content/Materials/OculusMR_ChromaKey.uasset" 468
"../../Plugins/Runtime/Oculus/OculusVR/Content/Materials/OculusMR_ChromaKey_Lit.uasset" 469
"../../Plugins/Runtime/Oculus/OculusVR/Content/Materials/OculusMR_OpaqueColoredMaterial.uasset" 470
"../../Plugins/Runtime/Oculus/OculusVR/Content/Materials/OculusMR_WhiteMaterial.uasset" 471
"../../../Engine/Content/EngineSky/C_Sky_Cloud_Color.uasset" 472
"../../../Engine/Content/EngineSky/C_Sky_Horizon_Color.uasset" 473
"../../../Engine/Content/EngineSky/C_Sky_Zenith_Color.uasset" 474
"../../../Engine/Content/EngineSky/T_Sky_Blue.uasset" 475
"../../../Engine/Content/EngineSky/T_Sky_Clouds_M.uasset" 476
"../../../Engine/Content/EngineSky/T_Sky_Stars.uasset" 477
"../../../Engine/Content/EngineSky/M_Sky_Panning_Clouds2.uasset" 478
"../../../Engine/Content/EngineSky/SM_SkySphere.uasset" 479
"../../../Engine/Content/EngineSky/BP_Sky_Sphere.uasset" 480
"D:/Code/UE/Homework/Content/MobileStarterContent/Maps/Minimal_Default_BuiltData.uasset" 481
"D:/Code/UE/Homework/Content/MobileStarterContent/Materials/M_Basic_Floor.uasset" 482
"D:/Code/UE/Homework/Content/MobileStarterContent/Architecture/Floor_400x400.uasset" 483
"D:/Code/UE/Homework/Content/MobileStarterContent/Props/SM_Chair.uasset" 484
"D:/Code/UE/Homework/Content/MobileStarterContent/Textures/T_Statue_M.uasset" 485
"D:/Code/UE/Homework/Content/MobileStarterContent/Textures/T_Statue_N.uasset" 486
"D:/Code/UE/Homework/Content/MobileStarterContent/Props/Materials/M_Statue.uasset" 487
"D:/Code/UE/Homework/Content/MobileStarterContent/Props/Materials/M_StatueGlass.uasset" 488
"D:/Code/UE/Homework/Content/MobileStarterContent/Props/SM_Statue.uasset" 489
"D:/Code/UE/Homework/Content/MobileStarterContent/Textures/T_TableRound_M.uasset" 490
"D:/Code/UE/Homework/Content/MobileStarterContent/Textures/T_TableRound_N.uasset" 491
"D:/Code/UE/Homework/Content/MobileStarterContent/Props/Materials/M_TableRound.uasset" 492
"D:/Code/UE/Homework/Content/MobileStarterContent/Props/SM_TableRound.uasset" 493
"D:/Code/UE/Homework/Content/MobileStarterContent/Maps/Minimal_Default.umap" 494
"D:/Code/UE/Homework/Content/MobileStarterContent/Audio/Fire01.uasset" 495
"D:/Code/UE/Homework/Content/MobileStarterContent/Audio/Fire01_Cue.uasset" 496
"D:/Code/UE/Homework/Content/MobileStarterContent/Textures/T_Fire_SubUV.uasset" 497
"D:/Code/UE/Homework/Content/MobileStarterContent/Textures/T_Fire_Tiled_D.uasset" 498
"D:/Code/UE/Homework/Content/MobileStarterContent/Particles/Materials/M_Fire_SubUV.uasset" 499
"D:/Code/UE/Homework/Content/MobileStarterContent/Particles/Materials/M_Radial_Gradient.uasset" 500
"D:/Code/UE/Homework/Content/MobileStarterContent/Particles/P_Fire.uasset" 501
"D:/Code/UE/Homework/Content/MobileStarterContent/Blueprints/Blueprint_Effect_Fire.uasset" 502
"D:/Code/UE/Homework/Content/MobileStarterContent/Audio/Smoke01.uasset" 503
"D:/Code/UE/Homework/Content/MobileStarterContent/Audio/Smoke01_Cue.uasset" 504
"D:/Code/UE/Homework/Content/MobileStarterContent/Particles/P_Smoke.uasset" 505
"D:/Code/UE/Homework/Content/MobileStarterContent/Blueprints/Blueprint_Effect_Smoke.uasset" 506
"D:/Code/UE/Homework/Content/MobileStarterContent/Audio/Fire_Sparks01.uasset" 507
"D:/Code/UE/Homework/Content/MobileStarterContent/Audio/Fire_Sparks01_Cue.uasset" 508
"D:/Code/UE/Homework/Content/MobileStarterContent/Textures/T_Spark_Core.uasset" 509
"D:/Code/UE/Homework/Content/MobileStarterContent/Particles/Materials/M_Spark.uasset" 510
"D:/Code/UE/Homework/Content/MobileStarterContent/Particles/P_Sparks.uasset" 511
"D:/Code/UE/Homework/Content/MobileStarterContent/Blueprints/Blueprint_Effect_Sparks.uasset" 512
"D:/Code/UE/Homework/Content/MobileStarterContent/Textures/T_Lamp_M.uasset" 513
"D:/Code/UE/Homework/Content/MobileStarterContent/Textures/T_Lamp_N.uasset" 514
"D:/Code/UE/Homework/Content/MobileStarterContent/Props/Materials/M_Lamp.uasset" 515
"D:/Code/UE/Homework/Content/MobileStarterContent/Props/SM_Lamp_Ceiling.uasset" 516
"D:/Code/UE/Homework/Content/MobileStarterContent/Blueprints/Blueprint_CeilingLight.uasset" 517
"D:/Code/UE/Homework/Content/MobileStarterContent/Props/SM_Lamp_Wall.uasset" 518
"D:/Code/UE/Homework/Content/MobileStarterContent/Blueprints/Blueprint_WallSconce.uasset" 519
"D:/Code/UE/Homework/Content/MobileStarterContent/Maps/StarterMap_BuiltData.uasset" 520
"D:/Code/UE/Homework/Content/MobileStarterContent/Textures/T_Brick_Clay_Beveled_D.uasset" 521
"D:/Code/UE/Homework/Content/MobileStarterContent/Textures/T_Brick_Clay_Beveled_M.uasset" 522
"D:/Code/UE/Homework/Content/MobileStarterContent/Textures/T_Brick_Clay_Beveled_N.uasset" 523
"D:/Code/UE/Homework/Content/MobileStarterContent/Materials/M_Brick_Clay_Beveled.uasset" 524
"D:/Code/UE/Homework/Content/MobileStarterContent/Textures/T_Brick_Clay_New_D.uasset" 525
"D:/Code/UE/Homework/Content/MobileStarterContent/Textures/T_Brick_Clay_New_M.uasset" 526
"D:/Code/UE/Homework/Content/MobileStarterContent/Textures/T_Brick_Clay_New_N.uasset" 527
"D:/Code/UE/Homework/Content/MobileStarterContent/Materials/M_Brick_Clay_New.uasset" 528
"D:/Code/UE/Homework/Content/MobileStarterContent/Textures/T_Brick_Clay_Old_D.uasset" 529
"D:/Code/UE/Homework/Content/MobileStarterContent/Textures/T_Brick_Clay_Old_N.uasset" 530
"D:/Code/UE/Homework/Content/MobileStarterContent/Materials/M_Brick_Clay_Old.uasset" 531
"D:/Code/UE/Homework/Content/MobileStarterContent/Textures/T_Brick_Cut_Stone_D.uasset" 532
"D:/Code/UE/Homework/Content/MobileStarterContent/Textures/T_Brick_Cut_Stone_N.uasset" 533
"D:/Code/UE/Homework/Content/MobileStarterContent/Materials/M_Brick_Cut_Stone.uasset" 534
"D:/Code/UE/Homework/Content/MobileStarterContent/Textures/T_Brick_Hewn_Stone_D.uasset" 535
"D:/Code/UE/Homework/Content/MobileStarterContent/Textures/T_Brick_Hewn_Stone_M.uasset" 536
"D:/Code/UE/Homework/Content/MobileStarterContent/Textures/T_Brick_Hewn_Stone_N.uasset" 537
"D:/Code/UE/Homework/Content/MobileStarterContent/Materials/M_Brick_Hewn_Stone.uasset" 538
"D:/Code/UE/Homework/Content/MobileStarterContent/Textures/T_Ceramic_Tile_M.uasset" 539
"D:/Code/UE/Homework/Content/MobileStarterContent/Textures/T_Ceramic_Tile_N.uasset" 540
"D:/Code/UE/Homework/Content/MobileStarterContent/Textures/T_Rock_Marble_Polished_D.uasset" 541
"D:/Code/UE/Homework/Content/MobileStarterContent/Materials/M_Ceramic_Tile_Checker.uasset" 542
"D:/Code/UE/Homework/Content/MobileStarterContent/Textures/T_CobbleStone_Pebble_D.uasset" 543
"D:/Code/UE/Homework/Content/MobileStarterContent/Textures/T_CobbleStone_Pebble_N.uasset" 544
"D:/Code/UE/Homework/Content/MobileStarterContent/Materials/M_CobbleStone_Pebble.uasset" 545
"D:/Code/UE/Homework/Content/MobileStarterContent/Textures/T_CobbleStone_Rough_D.uasset" 546
"D:/Code/UE/Homework/Content/MobileStarterContent/Textures/T_CobbleStone_Rough_N.uasset" 547
"D:/Code/UE/Homework/Content/MobileStarterContent/Materials/M_CobbleStone_Rough.uasset" 548
"D:/Code/UE/Homework/Content/MobileStarterContent/Textures/T_CobbleStone_Smooth_D.uasset" 549
"D:/Code/UE/Homework/Content/MobileStarterContent/Textures/T_CobbleStone_Smooth_M.uasset" 550
"D:/Code/UE/Homework/Content/MobileStarterContent/Textures/T_CobbleStone_Smooth_N.uasset" 551
"D:/Code/UE/Homework/Content/MobileStarterContent/Materials/M_CobbleStone_Smooth.uasset" 552
"D:/Code/UE/Homework/Content/MobileStarterContent/Textures/T_Concrete_Grime_D.uasset" 553
"D:/Code/UE/Homework/Content/MobileStarterContent/Textures/T_Metal_Rust_N.uasset" 554
"D:/Code/UE/Homework/Content/MobileStarterContent/Materials/M_Concrete_Grime.uasset" 555
"D:/Code/UE/Homework/Content/MobileStarterContent/Textures/T_Concrete_Panels_D.uasset" 556
"D:/Code/UE/Homework/Content/MobileStarterContent/Textures/T_Concrete_Panels_N.uasset" 557
"D:/Code/UE/Homework/Content/MobileStarterContent/Materials/M_Concrete_Panels.uasset" 558
"D:/Code/UE/Homework/Content/MobileStarterContent/Textures/T_Concrete_Poured_D.uasset" 559
"D:/Code/UE/Homework/Content/MobileStarterContent/Textures/T_Concrete_Poured_N.uasset" 560
"D:/Code/UE/Homework/Content/MobileStarterContent/Materials/M_Concrete_Poured.uasset" 561
"D:/Code/UE/Homework/Content/MobileStarterContent/Textures/T_Concrete_Tiles_D.uasset" 562
"D:/Code/UE/Homework/Content/MobileStarterContent/Textures/T_Concrete_Tiles_M.uasset" 563
"D:/Code/UE/Homework/Content/MobileStarterContent/Textures/T_Concrete_Tiles_N.uasset" 564
"D:/Code/UE/Homework/Content/MobileStarterContent/Materials/M_Concrete_Tiles.uasset" 565
"D:/Code/UE/Homework/Content/MobileStarterContent/Textures/T_Ground_Grass_D.uasset" 566
"D:/Code/UE/Homework/Content/MobileStarterContent/Textures/T_Ground_Grass_N.uasset" 567
"D:/Code/UE/Homework/Content/MobileStarterContent/Materials/M_Ground_Grass.uasset" 568
"D:/Code/UE/Homework/Content/MobileStarterContent/Textures/T_Ground_Gravel_D.uasset" 569
"D:/Code/UE/Homework/Content/MobileStarterContent/Textures/T_Ground_Gravel_N.uasset" 570
"D:/Code/UE/Homework/Content/MobileStarterContent/Materials/M_Ground_Gravel.uasset" 571
"D:/Code/UE/Homework/Content/MobileStarterContent/Textures/T_ground_Moss_D.uasset" 572
"D:/Code/UE/Homework/Content/MobileStarterContent/Textures/T_Ground_Moss_N.uasset" 573
"D:/Code/UE/Homework/Content/MobileStarterContent/Materials/M_Ground_Moss.uasset" 574
"D:/Code/UE/Homework/Content/MobileStarterContent/Textures/T_MacroVariation.uasset" 575
"D:/Code/UE/Homework/Content/MobileStarterContent/Materials/M_Metal_Brushed_Nickel.uasset" 576
"D:/Code/UE/Homework/Content/MobileStarterContent/Textures/T_Metal_Aluminum_D.uasset" 577
"D:/Code/UE/Homework/Content/MobileStarterContent/Textures/T_Metal_Gold_N.uasset" 578
"D:/Code/UE/Homework/Content/MobileStarterContent/Materials/M_Metal_Burnished_Steel.uasset" 579
"D:/Code/UE/Homework/Content/MobileStarterContent/Materials/M_Metal_Chrome.uasset" 580
"D:/Code/UE/Homework/Content/MobileStarterContent/Textures/T_Metal_Copper_D.uasset" 581
"D:/Code/UE/Homework/Content/MobileStarterContent/Materials/M_Metal_Copper.uasset" 582
"D:/Code/UE/Homework/Content/MobileStarterContent/Textures/T_Metal_Gold_D.uasset" 583
"D:/Code/UE/Homework/Content/MobileStarterContent/Materials/M_Metal_Gold.uasset" 584
"D:/Code/UE/Homework/Content/MobileStarterContent/Textures/T_Metal_Rust_D.uasset" 585
"D:/Code/UE/Homework/Content/MobileStarterContent/Materials/M_Metal_Rust.uasset" 586
"D:/Code/UE/Homework/Content/MobileStarterContent/Textures/T_Metal_Steel_D.uasset" 587
"D:/Code/UE/Homework/Content/MobileStarterContent/Textures/T_Metal_Steel_N.uasset" 588
"D:/Code/UE/Homework/Content/MobileStarterContent/Materials/M_Metal_Steel.uasset" 589
"D:/Code/UE/Homework/Content/MobileStarterContent/Textures/T_Rock_Basalt_N.uasset" 590
"D:/Code/UE/Homework/Content/MobileStarterContent/Materials/M_Rock_Basalt.uasset" 591
"D:/Code/UE/Homework/Content/MobileStarterContent/Materials/M_Rock_Marble_Polished.uasset" 592
"D:/Code/UE/Homework/Content/MobileStarterContent/Textures/T_Rock_Sandstone_D.uasset" 593
"D:/Code/UE/Homework/Content/MobileStarterContent/Textures/T_Rock_Sandstone_N.uasset" 594
"D:/Code/UE/Homework/Content/MobileStarterContent/Materials/M_Rock_Sandstone.uasset" 595
"D:/Code/UE/Homework/Content/MobileStarterContent/Textures/T_Rock_Slate_D.uasset" 596
"D:/Code/UE/Homework/Content/MobileStarterContent/Textures/T_Rock_Slate_N.uasset" 597
"D:/Code/UE/Homework/Content/MobileStarterContent/Materials/M_Rock_Slate.uasset" 598
"D:/Code/UE/Homework/Content/MobileStarterContent/Textures/T_Checker_Noise_M.uasset" 599
"D:/Code/UE/Homework/Content/MobileStarterContent/Textures/T_Single_Tile_N.uasset" 600
"D:/Code/UE/Homework/Content/MobileStarterContent/Textures/T_Tech_Dot_M.uasset" 601
"D:/Code/UE/Homework/Content/MobileStarterContent/Textures/T_Tech_Dot_N.uasset" 602
"D:/Code/UE/Homework/Content/MobileStarterContent/Materials/M_Tech_Checker_Dot.uasset" 603
"D:/Code/UE/Homework/Content/MobileStarterContent/Textures/T_Tech_Hex_Tile_M.uasset" 604
"D:/Code/UE/Homework/Content/MobileStarterContent/Textures/T_Tech_Hex_Tile_N.uasset" 605
"D:/Code/UE/Homework/Content/MobileStarterContent/Materials/M_Tech_Hex_Tile.uasset" 606
"D:/Code/UE/Homework/Content/MobileStarterContent/Materials/M_Tech_Hex_Tile_Pulse.uasset" 607
"D:/Code/UE/Homework/Content/MobileStarterContent/Textures/T_Water_N.uasset" 608
"D:/Code/UE/Homework/Content/MobileStarterContent/Materials/M_Water_Lake.uasset" 609
"D:/Code/UE/Homework/Content/MobileStarterContent/Textures/T_Water_M.uasset" 610
"D:/Code/UE/Homework/Content/MobileStarterContent/Materials/M_Water_Ocean.uasset" 611
"D:/Code/UE/Homework/Content/MobileStarterContent/Textures/T_Wood_Floor_Walnut_D.uasset" 612
"D:/Code/UE/Homework/Content/MobileStarterContent/Textures/T_Wood_Floor_Walnut_M.uasset" 613
"D:/Code/UE/Homework/Content/MobileStarterContent/Textures/T_Wood_Floor_Walnut_N.uasset" 614
"D:/Code/UE/Homework/Content/MobileStarterContent/Materials/M_Wood_Floor_Walnut_Polished.uasset" 615
"D:/Code/UE/Homework/Content/MobileStarterContent/Materials/M_Wood_Floor_Walnut_Worn.uasset" 616
"D:/Code/UE/Homework/Content/MobileStarterContent/Textures/T_Wood_Oak_D.uasset" 617
"D:/Code/UE/Homework/Content/MobileStarterContent/Textures/T_Wood_Oak_N.uasset" 618
"D:/Code/UE/Homework/Content/MobileStarterContent/Materials/M_Wood_Oak.uasset" 619
"D:/Code/UE/Homework/Content/MobileStarterContent/Textures/T_Wood_Pine_D.uasset" 620
"D:/Code/UE/Homework/Content/MobileStarterContent/Textures/T_Wood_Pine_N.uasset" 621
"D:/Code/UE/Homework/Content/MobileStarterContent/Materials/M_Wood_Pine.uasset" 622
"D:/Code/UE/Homework/Content/MobileStarterContent/Textures/T_Wood_Walnut_D.uasset" 623
"D:/Code/UE/Homework/Content/MobileStarterContent/Textures/T_Wood_Walnut_N.uasset" 624
"D:/Code/UE/Homework/Content/MobileStarterContent/Materials/M_Wood_Walnut.uasset" 625
"D:/Code/UE/Homework/Content/MobileStarterContent/Architecture/Wall_400x200.uasset" 626
"D:/Code/UE/Homework/Content/MobileStarterContent/Architecture/Wall_Door_400x300.uasset" 627
"D:/Code/UE/Homework/Content/MobileStarterContent/Architecture/Wall_Window_400x300.uasset" 628
"D:/Code/UE/Homework/Content/MobileStarterContent/Audio/Collapse01.uasset" 629
"D:/Code/UE/Homework/Content/MobileStarterContent/Audio/Collapse02.uasset" 630
"D:/Code/UE/Homework/Content/MobileStarterContent/Audio/Collapse_Cue.uasset" 631
"D:/Code/UE/Homework/Content/MobileStarterContent/Audio/Starter_Birds01.uasset" 632
"D:/Code/UE/Homework/Content/MobileStarterContent/Audio/Starter_Wind05.uasset" 633
"D:/Code/UE/Homework/Content/MobileStarterContent/Audio/Starter_Wind06.uasset" 634
"D:/Code/UE/Homework/Content/MobileStarterContent/Audio/Starter_Background_Cue.uasset" 635
"D:/Code/UE/Homework/Content/MobileStarterContent/Audio/Starter_Music01.uasset" 636
"D:/Code/UE/Homework/Content/MobileStarterContent/Audio/Starter_Music_Cue.uasset" 637
"D:/Code/UE/Homework/Content/MobileStarterContent/Textures/T_Dust_Particle_D.uasset" 638
"D:/Code/UE/Homework/Content/MobileStarterContent/Particles/Materials/M_Dust_Particle.uasset" 639
"D:/Code/UE/Homework/Content/MobileStarterContent/Particles/P_Ambient_Dust.uasset" 640
"D:/Code/UE/Homework/Content/MobileStarterContent/Props/MaterialSphere.uasset" 641
"D:/Code/UE/Homework/Content/MobileStarterContent/Textures/T_Frame_M.uasset" 642
"D:/Code/UE/Homework/Content/MobileStarterContent/Textures/T_Frame_N.uasset" 643
"D:/Code/UE/Homework/Content/MobileStarterContent/Props/Materials/M_Frame.uasset" 644
"D:/Code/UE/Homework/Content/MobileStarterContent/Props/SM_CornerFrame.uasset" 645
"D:/Code/UE/Homework/Content/MobileStarterContent/Props/SM_DoorFrame.uasset" 646
"D:/Code/UE/Homework/Content/MobileStarterContent/Props/SM_GlassWindow.uasset" 647
"D:/Code/UE/Homework/Content/MobileStarterContent/Props/SM_PillarFrame.uasset" 648
"D:/Code/UE/Homework/Content/MobileStarterContent/Props/SM_PillarFrame300.uasset" 649
"D:/Code/UE/Homework/Content/MobileStarterContent/Props/SM_WindowFrame.uasset" 650
"D:/Code/UE/Homework/Content/MobileStarterContent/Shapes/Shape_Cube.uasset" 651
"D:/Code/UE/Homework/Content/MobileStarterContent/Shapes/Shape_QuadPyramid.uasset" 652
"D:/Code/UE/Homework/Content/MobileStarterContent/Maps/StarterMap.umap" 653
"D:/Code/UE/Homework/Content/SoulCave/Blueprints/FirstPersonCharacter.uasset" 654
"D:/Code/UE/Homework/Content/SoulCave/Blueprints/MyController.uasset" 655
"D:/Code/UE/Homework/Content/SoulCave/Blueprints/MyGame.uasset" 656
"D:/Code/UE/Homework/Content/SoulCave/EffectsMobile/Drips/Textures/T_SandStorm_Mask.uasset" 657
"D:/Code/UE/Homework/Content/SoulCave/EffectsMobile/SimpleFogSheet/Textures/T_EV_DustPanner_01.uasset" 658
"D:/Code/UE/Homework/Content/SoulCave/EffectsMobile/SimpleFogSheet/Material/M_Fogsheet_cheap.uasset" 659
"D:/Code/UE/Homework/Content/SoulCave/EffectsMobile/SimpleFogSheet/Material/MI_FogSheet_Cheap.uasset" 660
"D:/Code/UE/Homework/Content/SoulCave/EffectsMobile/SimpleFogSheet/Mesh/SM_SimpleFogSheet.uasset" 661
"D:/Code/UE/Homework/Content/SoulCave/EffectsMobile/SimpleFogSheet/BP/BP_simpleFogSheet.uasset" 662
"D:/Code/UE/Homework/Content/ThirdPersonBP/Blueprints/Character/Weapons/M4A1/M4A1_StaticMesh.uasset" 663
"D:/Code/UE/Homework/Content/ThirdPersonBP/Blueprints/Character/Weapons/M4A1_Pickup.uasset" 664
"D:/Code/UE/Homework/Content/ThirdPersonBP/Maps/LV_Soul_Cave_Mobile_BuiltData.uasset" 665
"D:/Code/UE/Homework/Content/SoulCave/EffectsMobile/Water/Textures/T_WaterFoam_02.uasset" 666
"D:/Code/UE/Homework/Content/SoulCave/EffectsMobile/Water/Materials/M_RippleFoam_Mobile.uasset" 667
"D:/Code/UE/Homework/Content/SoulCave/Environment/Textures/Foliage/T_Cave_LeavePile_N.uasset" 668
"D:/Code/UE/Homework/Content/SoulCave/Environment/Textures/Foliage/T_Cave_LeavePile_D.uasset" 669
"D:/Code/UE/Homework/Content/SoulCave/Environment/Materials/Foliage/M_Cave_LeafPiles.uasset" 670
"D:/Code/UE/Homework/Content/SoulCave/Environment/Materials/Props/M_Glow.uasset" 671
"D:/Code/UE/Homework/Content/SoulCave/Environment/Textures/Building/T_Soul_Glowstick_D.uasset" 672
"D:/Code/UE/Homework/Content/SoulCave/Environment/Textures/Building/T_Soul_GlowStick_N.uasset" 673
"D:/Code/UE/Homework/Content/SoulCave/Environment/Materials/Props/M_Soul_Glowstick.uasset" 674
"D:/Code/UE/Homework/Content/SoulCave/Environment/Materials/Props/M_Soul_Glowstick_RK.uasset" 675
"../../../Engine/Content/Functions/MaterialLayerFunctions/MatLayerBlend_AO.uasset" 676
"../../../Engine/Content/Functions/MaterialLayerFunctions/MatLayerBlend_BakedNormal.uasset" 677
"../../../Engine/Content/Functions/MaterialLayerFunctions/MatLayerBlend_Standard.uasset" 678
"../../../Engine/Content/Functions/MaterialLayerFunctions/MatLayerBlend_Tint.uasset" 679
"D:/Code/UE/Homework/Content/SoulCave/Environment/Materials/Functions/MF_FuzzyShading_JM.uasset" 680
"D:/Code/UE/Homework/Content/SoulCave/Environment/Textures/Rock/T_Cave_Rock_Stalactite_M.uasset" 681
"D:/Code/UE/Homework/Content/SoulCave/Environment/Materials/Functions/MF_VertexBlend_JM.uasset" 682
"D:/Code/UE/Homework/Content/SoulCave/Environment/Materials/Functions/MF_Wetness.uasset" 683
"D:/Code/UE/Homework/Content/SoulCave/Environment/Textures/Rock/T_Moss_D.uasset" 684
"D:/Code/UE/Homework/Content/SoulCave/Environment/Textures/Rock/T_Moss_N.uasset" 685
"D:/Code/UE/Homework/Content/SoulCave/Environment/Materials/Rocks/MF_Cave_Moss.uasset" 686
"D:/Code/UE/Homework/Content/SoulCave/Environment/Textures/Rock/T_Cave_Rock_01_N.uasset" 687
"D:/Code/UE/Homework/Content/SoulCave/Environment/Textures/Rock/T_Cave_Rock_01_D.uasset" 688
"D:/Code/UE/Homework/Content/SoulCave/Environment/Materials/Rocks/MF_Cave_Rock01.uasset" 689
"D:/Code/UE/Homework/Content/SoulCave/Environment/Textures/Building/T_Soul_Statue_M.uasset" 690
"D:/Code/UE/Homework/Content/SoulCave/Environment/Textures/Building/T_Soul_Staue_N.uasset" 691
"D:/Code/UE/Homework/Content/SoulCave/Environment/Materials/Props/M_Soul_Statue2.uasset" 692
"D:/Code/UE/Homework/Content/SoulCave/Environment/Textures/Building/T_Soul_Statue_Body_N.uasset" 693
"D:/Code/UE/Homework/Content/SoulCave/Environment/Materials/Props/M_Soul_Statue_Cloth_WorldPositoin_Mobile.uasset" 694
"D:/Code/UE/Homework/Content/SoulCave/Environment/Materials/Props/M_Wires02.uasset" 695
"D:/Code/UE/Homework/Content/SoulCave/Environment/Materials/MaterialLayers/MF_Solid_Color.uasset" 696
"D:/Code/UE/Homework/Content/SoulCave/Environment/Textures/Rock/T_Cave_Rock_Detail_D.uasset" 697
"D:/Code/UE/Homework/Content/SoulCave/Environment/Materials/Rocks/MF_Cave_Rock02.uasset" 698
"D:/Code/UE/Homework/Content/SoulCave/Environment/Textures/Rock/T_Cave_Rock_Stalactite_N.uasset" 699
"D:/Code/UE/Homework/Content/SoulCave/Environment/Materials/Rocks/M_Cave_Rock_MASTER.uasset" 700
"D:/Code/UE/Homework/Content/SoulCave/Environment/Textures/Sky/T_Soul_Skydome01_D.uasset" 701
"D:/Code/UE/Homework/Content/SoulCave/Environment/Textures/Sky/T_Soul_Skydome01_M.uasset" 702
"D:/Code/UE/Homework/Content/SoulCave/Environment/Materials/Sky/M_Sky.uasset" 703
"D:/Code/UE/Homework/Content/ThirdPersonBP/Blueprints/Character/footstep/footprint_L.uasset" 704
"D:/Code/UE/Homework/Content/ThirdPersonBP/Blueprints/Character/footstep/M_Left_Foot.uasset" 705
"D:/Code/UE/Homework/Content/ThirdPersonBP/Blueprints/Character/footstep/footprint_R.uasset" 706
"D:/Code/UE/Homework/Content/ThirdPersonBP/Blueprints/Character/footstep/M_Right_Foot.uasset" 707
"D:/Code/UE/Homework/Content/SoulCave/Effects/Textures/Noise/T_brownian_01_M.uasset" 708
"D:/Code/UE/Homework/Content/SoulCave/EffectsMobile/GodRay/Materials/M_GodRay.uasset" 709
"D:/Code/UE/Homework/Content/SoulCave/EffectsMobile/GodRay/Materials/MI_GodRay.uasset" 710
"D:/Code/UE/Homework/Content/SoulCave/EffectsMobile/GodRay/Materials/MI_GodRay_Mobile.uasset" 711
"D:/Code/UE/Homework/Content/SoulCave/Environment/Textures/Building/T_Cave_Chain_N.uasset" 712
"D:/Code/UE/Homework/Content/SoulCave/Environment/Textures/Building/T_Cave_Chain_D.uasset" 713
"D:/Code/UE/Homework/Content/SoulCave/Environment/Materials/Building/M_Cave_Chain.uasset" 714
"D:/Code/UE/Homework/Content/SoulCave/Environment/Materials/Building/MI_Cave_Chain_Dry.uasset" 715
"../../../Engine/Content/Functions/Engine_MaterialFunctions01/Gradient/LinearGradient.uasset" 716
"../../../Engine/Content/Functions/Engine_MaterialFunctions01/ImageAdjustment/CheapContrast.uasset" 717
"../../../Engine/Content/Functions/Engine_MaterialFunctions01/Texturing/FlattenNormal.uasset" 718
"../../../Engine/Content/Functions/Engine_MaterialFunctions02/SafeNormalize.uasset" 719
"../../../Engine/Content/Functions/Engine_MaterialFunctions02/Math/CreateThirdOrthogonalVector.uasset" 720
"../../../Engine/Content/Functions/Engine_MaterialFunctions02/Utility/BreakOutFloat3Components.uasset" 721
"../../../Engine/Content/Functions/Engine_MaterialFunctions02/Math/Transform3x3Matrix.uasset" 722
"../../../Engine/Content/Functions/Engine_MaterialFunctions02/WorldAlignedNormals_HighQuality.uasset" 723
"../../../Engine/Content/EngineMaterials/DefaultNormal_Uncompressed.uasset" 724
"D:/Code/UE/Homework/Content/SoulCave/Environment/Materials/Functions/MF_WorldAlignedPanner.uasset" 725
"../../../Engine/Content/Functions/Engine_MaterialFunctions02/ExampleContent/Textures/water_d.uasset" 726
"D:/Code/UE/Homework/Content/SoulCave/Environment/Textures/Water/T_RainPuddleMask.uasset" 727
"D:/Code/UE/Homework/Content/SoulCave/Environment/Textures/Water/T_RainStreaming_N.uasset" 728
"D:/Code/UE/Homework/Content/SoulCave/Environment/Textures/Water/T_Soul_Water01_N.uasset" 729
"D:/Code/UE/Homework/Content/SoulCave/Environment/Materials/Functions/MF_WET_RunningWater.uasset" 730
"D:/Code/UE/Homework/Content/SoulCave/Environment/Textures/Building_Slum/T_Slums_TilingNOise_M.uasset" 731
"D:/Code/UE/Homework/Content/SoulCave/Environment/Textures/Building_Slum/T_Slums_TinRoof_D.uasset" 732
"D:/Code/UE/Homework/Content/SoulCave/Environment/Textures/Building_Slum/T_Slums_TinRoof_N.uasset" 733
"D:/Code/UE/Homework/Content/SoulCave/Environment/Materials/Building/M_Slums_Tin.uasset" 734
"D:/Code/UE/Homework/Content/SoulCave/Environment/Materials/Building/MI_Slums_Tin.uasset" 735
"../../../Engine/Content/Functions/Engine_MaterialFunctions01/Shading/FuzzyShading.uasset" 736
"D:/Code/UE/Homework/Content/SoulCave/Environment/Textures/Building_Slum/T_Slums_Cloth_M.uasset" 737
"D:/Code/UE/Homework/Content/SoulCave/Environment/Textures/Building_Slum/T_Slums_Cloth_N.uasset" 738
"D:/Code/UE/Homework/Content/SoulCave/Environment/Materials/Cloth/M_Slums_Cloth_Anim.uasset" 739
"D:/Code/UE/Homework/Content/SoulCave/Environment/Materials/Cloth/MI_Slums_Cloth02_Anim.uasset" 740
"D:/Code/UE/Homework/Content/SoulCave/Environment/Textures/Foliage/T_Cave_Grass_N.uasset" 741
"D:/Code/UE/Homework/Content/SoulCave/Environment/Textures/Foliage/T_Cave_Grass_D.uasset" 742
"D:/Code/UE/Homework/Content/SoulCave/Environment/Materials/Foliage/M_Cave_Grass.uasset" 743
"D:/Code/UE/Homework/Content/SoulCave/Environment/Materials/Foliage/MI_Cave_Grass_Wave.uasset" 744
"D:/Code/UE/Homework/Content/SoulCave/Environment/Materials/Foliage/MI_Cave_LeafPiles_Dry.uasset" 745
"D:/Code/UE/Homework/Content/SoulCave/Environment/Materials/Foliage/MI_Cave_LeafPiles_Wave.uasset" 746
"D:/Code/UE/Homework/Content/SoulCave/Environment/Textures/Building/T_Cave_Wood_Beam_N.uasset" 747
"D:/Code/UE/Homework/Content/SoulCave/Environment/Textures/Building/T_Cave_Wood_Beam_D.uasset" 748
"D:/Code/UE/Homework/Content/SoulCave/Environment/Materials/Rocks/M_Cave_Wood_Beam.uasset" 749
"D:/Code/UE/Homework/Content/SoulCave/Environment/Materials/Foliage/MI_Cave_Wood_Beam_Dry.uasset" 750
"D:/Code/UE/Homework/Content/SoulCave/Environment/Textures/Nature/T_Soul_Leaves_D.uasset" 751
"D:/Code/UE/Homework/Content/SoulCave/Environment/Textures/Nature/T_Soul_Leaves_N.uasset" 752
"D:/Code/UE/Homework/Content/SoulCave/Environment/Materials/Nature/M_Soul_Leaves.uasset" 753
"D:/Code/UE/Homework/Content/SoulCave/Environment/Materials/Nature/MI_Soul_Leaves_Water.uasset" 754
"D:/Code/UE/Homework/Content/SoulCave/Environment/Materials/Props/MI_Glow.uasset" 755
"D:/Code/UE/Homework/Content/SoulCave/Environment/Textures/Nature/T_Cave_Dirt_D.uasset" 756
"D:/Code/UE/Homework/Content/SoulCave/Environment/Textures/Nature/T_Cave_Dirt_N.uasset" 757
"D:/Code/UE/Homework/Content/SoulCave/Environment/Materials/Functions/MF_Dirt_Wet_JM.uasset" 758
"D:/Code/UE/Homework/Content/SoulCave/Environment/Textures/Rock/T_Cave_Mud_N.uasset" 759
"D:/Code/UE/Homework/Content/SoulCave/Environment/Materials/Functions/MF_GroundWetnessAlpha_JM.uasset" 760
"D:/Code/UE/Homework/Content/SoulCave/Environment/Textures/Rock/T_Cave_Mud_D.uasset" 761
"D:/Code/UE/Homework/Content/SoulCave/Environment/Materials/Functions/MF_Mud_Wet_JM.uasset" 762
"D:/Code/UE/Homework/Content/SoulCave/Environment/Materials/Rocks/M_Cave_Ground_MASTER.uasset" 763
"D:/Code/UE/Homework/Content/SoulCave/Environment/Materials/Rocks/MI_Cave_Ground_MASTER.uasset" 764
"D:/Code/UE/Homework/Content/SoulCave/Environment/Materials/Rocks/MI_Cave_Ground_ScaledBigger.uasset" 765
"D:/Code/UE/Homework/Content/SoulCave/Environment/Materials/Rocks/M_Cave_Rock_MASTER_VertexPaint_MOSS.uasset" 766
"D:/Code/UE/Homework/Content/SoulCave/Environment/Textures/Bricks/T_Cave_Bricks_M.uasset" 767
"D:/Code/UE/Homework/Content/SoulCave/Environment/Textures/Bricks/T_Cave_Bricks_N.uasset" 768
"D:/Code/UE/Homework/Content/SoulCave/Environment/Materials/Rocks/MI_Cave_Rock_Bricks_Moss22.uasset" 769
"D:/Code/UE/Homework/Content/SoulCave/Environment/Textures/Rock/T_Cave_Rock_Path_M.uasset" 770
"D:/Code/UE/Homework/Content/SoulCave/Environment/Textures/Rock/T_Cave_Rock_Path_N.uasset" 771
"D:/Code/UE/Homework/Content/SoulCave/Environment/Materials/Rocks/MI_Cave_Rock_Ceiling_Dry.uasset" 772
"D:/Code/UE/Homework/Content/SoulCave/Environment/PhysicalMaterials/Stone.uasset" 773
"D:/Code/UE/Homework/Content/SoulCave/Environment/Textures/Rock/T_Cave_Rock_Small_M.uasset" 774
"D:/Code/UE/Homework/Content/SoulCave/Environment/Textures/Rock/T_Cave_Rock_Small_N.uasset" 775
"D:/Code/UE/Homework/Content/SoulCave/Environment/Materials/Rocks/MI_Cave_Rock_Flat.uasset" 776
"D:/Code/UE/Homework/Content/SoulCave/Environment/Materials/Rocks/MI_Cave_Rock_Flat_Moss_Water.uasset" 777
"D:/Code/UE/Homework/Content/SoulCave/Environment/Textures/Rock/T_Cave_Rock_Large_M.uasset" 778
"D:/Code/UE/Homework/Content/SoulCave/Environment/Textures/Rock/T_Cave_Rock_Large_N.uasset" 779
"D:/Code/UE/Homework/Content/SoulCave/Environment/Materials/Rocks/MI_Cave_Rock_Large01_Moss_Water2.uasset" 780
"D:/Code/UE/Homework/Content/SoulCave/Environment/Textures/Rock/T_Cave_Rock_Large02_M.uasset" 781
"D:/Code/UE/Homework/Content/SoulCave/Environment/Textures/Rock/T_Cave_Rock_Large02_N.uasset" 782
"D:/Code/UE/Homework/Content/SoulCave/Environment/Materials/Rocks/MI_Cave_Rock_Large02.uasset" 783
"D:/Code/UE/Homework/Content/SoulCave/Environment/Materials/Rocks/MI_Cave_Rock_Large02_Double.uasset" 784
"D:/Code/UE/Homework/Content/SoulCave/Environment/Materials/Rocks/MI_Cave_Rock_Large02_Dry.uasset" 785
"D:/Code/UE/Homework/Content/SoulCave/Environment/Materials/Rocks/MI_Cave_Rock_Large02_Moss.uasset" 786
"D:/Code/UE/Homework/Content/SoulCave/Environment/Materials/Rocks/MI_Cave_Rock_Large02_Moss_Water.uasset" 787
"D:/Code/UE/Homework/Content/SoulCave/Environment/Materials/Rocks/MI_Cave_Rock_Large_Double.uasset" 788
"D:/Code/UE/Homework/Content/SoulCave/Environment/Materials/Rocks/MI_Cave_Rock_Large_Dry.uasset" 789
"D:/Code/UE/Homework/Content/SoulCave/Environment/Materials/Rocks/MI_Cave_Rock_Large_Moss.uasset" 790
"D:/Code/UE/Homework/Content/SoulCave/Environment/Textures/Rock/T_Cave_Rock_Medium_M.uasset" 791
"D:/Code/UE/Homework/Content/SoulCave/Environment/Textures/Rock/T_Cave_Rock_Medium_N.uasset" 792
"D:/Code/UE/Homework/Content/SoulCave/Environment/Materials/Rocks/MI_Cave_Rock_Medium_Moss.uasset" 793
"D:/Code/UE/Homework/Content/SoulCave/Environment/Materials/Rocks/MI_Cave_Rock_Medium_Moss_Water.uasset" 794
"D:/Code/UE/Homework/Content/SoulCave/Environment/Materials/Rocks/MI_Cave_Rock_Path.uasset" 795
"D:/Code/UE/Homework/Content/SoulCave/Environment/Materials/Rocks/MI_Cave_Rock_Path_Moss.uasset" 796
"D:/Code/UE/Homework/Content/SoulCave/Environment/Materials/Rocks/MI_Cave_Rock_Path_Moss_Water2.uasset" 797
"D:/Code/UE/Homework/Content/SoulCave/Environment/Textures/Rock/T_Cave_Rock_Pillar_M.uasset" 798
"D:/Code/UE/Homework/Content/SoulCave/Environment/Textures/Rock/T_Cave_Rock_Pillar_N.uasset" 799
"D:/Code/UE/Homework/Content/SoulCave/Environment/Materials/Rocks/MI_Cave_Rock_Pillar.uasset" 800
"D:/Code/UE/Homework/Content/SoulCave/Environment/Materials/Rocks/MI_Cave_Rock_Pillar_Moss2.uasset" 801
"D:/Code/UE/Homework/Content/SoulCave/Environment/Materials/Rocks/MI_Cave_Rock_Small.uasset" 802
"D:/Code/UE/Homework/Content/SoulCave/Environment/Materials/Rocks/MI_Cave_Rock_Small_Moss.uasset" 803
"D:/Code/UE/Homework/Content/SoulCave/Environment/Textures/Rock/T_Cave_Dirt_D.uasset" 804
"D:/Code/UE/Homework/Content/SoulCave/Environment/Textures/Rock/T_Cave_Dirt_N.uasset" 805
"D:/Code/UE/Homework/Content/SoulCave/Environment/Materials/Rocks/MF_Cave_Dirt.uasset" 806
"D:/Code/UE/Homework/Content/SoulCave/Environment/Materials/Rocks/M_Cave_Rock_MASTER_VertexPaint_Dirt.uasset" 807
"D:/Code/UE/Homework/Content/SoulCave/Environment/Materials/Rocks/MI_Cave_Rock_VertexPaint_Dirt_Path.uasset" 808
"D:/Code/UE/Homework/Content/SoulCave/Environment/Textures/Rock/T_Cave_Statue_Torso_M.uasset" 809
"D:/Code/UE/Homework/Content/SoulCave/Environment/Textures/Rock/T_Cave_Statue_Torso_N.uasset" 810
"D:/Code/UE/Homework/Content/SoulCave/Environment/Materials/Rocks/MI_Soul_Statue_Torso.uasset" 811
"../../../Engine/Content/MapTemplates/Sky/DaylightAmbientCubemap.uasset" 812
"D:/Code/UE/Homework/Content/SoulCave/Environment/PhysicalMaterials/Water.uasset" 813
"D:/Code/UE/Homework/Content/SoulCave/Environment/Materials/Water/M_Cave_Water_JM_Mobile.uasset" 814
"D:/Code/UE/Homework/Content/SoulCave/Environment/Materials/Water/MI_Cave_Water_JM_Thick2_Mobile.uasset" 815
"D:/Code/UE/Homework/Content/SoulCave/Environment/Materials/Water/M_Soul_Waterfall_Foam02_Mobile.uasset" 816
"D:/Code/UE/Homework/Content/SoulCave/Environment/Materials/Water/MI_Soul_Waterfall_Foam02_Mobile.uasset" 817
"D:/Code/UE/Homework/Content/SoulCave/Environment/Materials/Water/M_Soul_Waterfall_Foam02.uasset" 818
"D:/Code/UE/Homework/Content/SoulCave/Environment/Materials/Water/MI_Soul_Waterfall_Foam03.uasset" 819
"D:/Code/UE/Homework/Content/SoulCave/Environment/Materials/Water/MI_Soul_Waterfall_Foam_Mobile.uasset" 820
"D:/Code/UE/Homework/Content/SoulCave/Environment/Materials/Water/MI_Soul_Waterfall_FoamBilll1_Mobile.uasset" 821
"../../../Engine/Content/MapTemplates/Sky/T_Sky_Stars.uasset" 822
"../../../Engine/Content/MapTemplates/Sky/T_UDK_Sky_CloudMask01_N.uasset" 823
"../../../Engine/Content/MapTemplates/T_UDK_Sky_CloudMask03.uasset" 824
"../../../Engine/Content/MapTemplates/Sky/M_Procedural_Sky_MASTER02.uasset" 825
"../../../Engine/Content/MapTemplates/Sky/SM_SkySphere.uasset" 826
"D:/Code/UE/Homework/Content/SoulCave/Effects/Textures/Smoke/T_SmokeBall_03_Perlin.uasset" 827
"D:/Code/UE/Homework/Content/SoulCave/Effects/Materials/Dust/M_Dust_Mote.uasset" 828
"D:/Code/UE/Homework/Content/SoulCave/Effects/Particles/Dust/P_DustFlow_Mobile.uasset" 829
"D:/Code/UE/Homework/Content/SoulCave/Effects/VectorFields/VF_Tunnel_Movement_2_100.uasset" 830
"D:/Code/UE/Homework/Content/SoulCave/Effects/Particles/Dust/PGPU_Dust_Vec_Fast.uasset" 831
"D:/Code/UE/Homework/Content/SoulCave/Effects/Textures/Cube/T_CubeNearEntrance.uasset" 832
"D:/Code/UE/Homework/Content/SoulCave/Effects/Textures/Water/T_DropSubUV_A.uasset" 833
"D:/Code/UE/Homework/Content/SoulCave/Effects/Textures/Water/T_DropSubUV_N.uasset" 834
"D:/Code/UE/Homework/Content/SoulCave/Effects/Materials/Water/M_WaterDrop_SubUV.uasset" 835
"D:/Code/UE/Homework/Content/SoulCave/Effects/Textures/Water/T_Droplets_LitShaded_D.uasset" 836
"D:/Code/UE/Homework/Content/SoulCave/Effects/Textures/Water/T_Droplets_N.uasset" 837
"D:/Code/UE/Homework/Content/SoulCave/Effects/Materials/Water/MI_WaterDrop_SubUV.uasset" 838
"D:/Code/UE/Homework/Content/SoulCave/Effects/Particles/Water/P_WaterFall.uasset" 839
"D:/Code/UE/Homework/Content/SoulCave/Effects/Textures/Leaves/T_LeafFlip_6X6_01_D.uasset" 840
"D:/Code/UE/Homework/Content/SoulCave/EffectsMobile/Leaves/Materials/M_NewMaterial.uasset" 841
"D:/Code/UE/Homework/Content/SoulCave/EffectsMobile/Drips/Textures/T_Water_shockwave_contrast_a_02.uasset" 842
"D:/Code/UE/Homework/Content/SoulCave/EffectsMobile/Water/Materials/M_SplashFoam.uasset" 843
"D:/Code/UE/Homework/Content/SoulCave/EffectsMobile/Leaves/ParticleSystems/P_Leaf_Fall_Float.uasset" 844
"D:/Code/UE/Homework/Content/SoulCave/EffectsMobile/Water/Materials/M_SplashFoam_Unlit.uasset" 845
"D:/Code/UE/Homework/Content/SoulCave/EffectsMobile/Leaves/ParticleSystems/P_Leaf_Fall_Float_Mobile.uasset" 846
"D:/Code/UE/Homework/Content/SoulCave/Effects/Textures/Smoke/T_SmokeBall_01_8_8_D.uasset" 847
"D:/Code/UE/Homework/Content/SoulCave/EffectsMobile/Steam/Materials/M_Smoke_MacroUV_Subtle_Emissive_Near.uasset" 848
"D:/Code/UE/Homework/Content/SoulCave/EffectsMobile/Steam/ParticleSystems/P_Steam_Jet_Emissive_Subtle.uasset" 849
"D:/Code/UE/Homework/Content/SoulCave/EffectsMobile/Trash/Textures/T_Paper_Sheet.uasset" 850
"D:/Code/UE/Homework/Content/SoulCave/EffectsMobile/Trash/Materials/M_paper.uasset" 851
"D:/Code/UE/Homework/Content/SoulCave/EffectsMobile/Trash/Meshes/SM_leaf.uasset" 852
"D:/Code/UE/Homework/Content/SoulCave/EffectsMobile/Trash/ParticleSystems/P_flyingPaper.uasset" 853
"D:/Code/UE/Homework/Content/SoulCave/EffectsMobile/Water/Meshes/SM_Cave_Waterfall_01.uasset" 854
"D:/Code/UE/Homework/Content/SoulCave/EffectsMobile/Water/Meshes/SM_Cave_Waterfall_02.uasset" 855
"D:/Code/UE/Homework/Content/SoulCave/EffectsMobile/Water/Meshes/SM_Flow_01.uasset" 856
"D:/Code/UE/Homework/Content/SoulCave/EffectsMobile/Water/Meshes/SM_Flow_Ripples_01_vpainted.uasset" 857
"D:/Code/UE/Homework/Content/SoulCave/EffectsMobile/Water/Meshes/SM_Ripple_Wide.uasset" 858
"D:/Code/UE/Homework/Content/SoulCave/EffectsMobile/Water/ParticleSystems/P_FallingWater.uasset" 859
"D:/Code/UE/Homework/Content/SoulCave/EffectsMobile/Water/ParticleSystems/P_FallingWater2_Mobile.uasset" 860
"D:/Code/UE/Homework/Content/SoulCave/EffectsMobile/Water/ParticleSystems/P_WaterDrips_Area_Mobile.uasset" 861
"D:/Code/UE/Homework/Content/SoulCave/EffectsMobile/Water/ParticleSystems/P_WaterSplash_Foam_Light_Mobile.uasset" 862
"D:/Code/UE/Homework/Content/SoulCave/Environment/Meshes/Bricks/SM_Cave_Brick_01a.uasset" 863
"D:/Code/UE/Homework/Content/SoulCave/Environment/Meshes/Bricks/SM_Cave_Brick_01a2.uasset" 864
"D:/Code/UE/Homework/Content/SoulCave/Environment/Meshes/Bricks/SM_Cave_Brick_01b.uasset" 865
"D:/Code/UE/Homework/Content/SoulCave/Environment/Meshes/Bricks/SM_Cave_Brick_01b2.uasset" 866
"D:/Code/UE/Homework/Content/SoulCave/Environment/Meshes/Bricks/SM_Cave_Brick_01c.uasset" 867
"D:/Code/UE/Homework/Content/SoulCave/Environment/Meshes/Bricks/SM_Cave_Brick_01d2.uasset" 868
"D:/Code/UE/Homework/Content/SoulCave/Environment/Meshes/Bricks/SM_Cave_Brick_01e.uasset" 869
"D:/Code/UE/Homework/Content/SoulCave/Environment/Meshes/Bricks/SM_Cave_Brick_Pile02.uasset" 870
"D:/Code/UE/Homework/Content/SoulCave/Environment/Textures/Building/T_Cave_E.uasset" 871
"D:/Code/UE/Homework/Content/SoulCave/Environment/Textures/Building/T_SM_Cave_Arch_N.uasset" 872
"D:/Code/UE/Homework/Content/SoulCave/Environment/Textures/Building/T_SM_Cave_Arch_D.uasset" 873
"D:/Code/UE/Homework/Content/SoulCave/Environment/Materials/Building/M_Cave_Arches.uasset" 874
"D:/Code/UE/Homework/Content/SoulCave/Environment/Textures/Building/T_Cave_Pillar_N.uasset" 875
"D:/Code/UE/Homework/Content/SoulCave/Environment/Textures/Building/T_Cave_Pillar_D.uasset" 876
"D:/Code/UE/Homework/Content/SoulCave/Environment/Materials/Building/M_Cave_Pillar.uasset" 877
"D:/Code/UE/Homework/Content/SoulCave/Environment/Meshes/Building/SM_Cave_Arches.uasset" 878
"D:/Code/UE/Homework/Content/SoulCave/Environment/Meshes/Building/SM_Cave_Chain_02.uasset" 879
"D:/Code/UE/Homework/Content/SoulCave/Environment/PhysicalMaterials/Metal.uasset" 880
"D:/Code/UE/Homework/Content/SoulCave/Environment/Textures/Building/T_Cave_Floor_N.uasset" 881
"D:/Code/UE/Homework/Content/SoulCave/Environment/Textures/Building/T_Cave_Floor_D.uasset" 882
"D:/Code/UE/Homework/Content/SoulCave/Environment/Materials/Building/M_Cave_Floor.uasset" 883
"D:/Code/UE/Homework/Content/SoulCave/Environment/Textures/Building/T_Cave_Spotlight_N.uasset" 884
"D:/Code/UE/Homework/Content/SoulCave/Environment/Textures/Building/T_Cave_Spotlight_D.uasset" 885
"D:/Code/UE/Homework/Content/SoulCave/Environment/Materials/Building/M_Cave_Spotlight.uasset" 886
"D:/Code/UE/Homework/Content/SoulCave/Environment/Meshes/Building/SM_Cave_Floor_Stairs_Quarter.uasset" 887
"D:/Code/UE/Homework/Content/SoulCave/Environment/Meshes/Building/SM_Cave_Pillars_NoFlag.uasset" 888
"D:/Code/UE/Homework/Content/SoulCave/Environment/Meshes/Building/SM_Cave_Rock_Pillar01REDO.uasset" 889
"D:/Code/UE/Homework/Content/SoulCave/Environment/Meshes/Building/SM_Cave_Rock_Pillar03b.uasset" 890
"D:/Code/UE/Homework/Content/SoulCave/Environment/Meshes/Building/SM_Cave_Rock_Pillar_Broken01a.uasset" 891
"D:/Code/UE/Homework/Content/SoulCave/Environment/Meshes/Building/SM_Cave_Rock_PillarBottom.uasset" 892
"D:/Code/UE/Homework/Content/SoulCave/Environment/Meshes/Building/SM_Cave_Rock_PillarBroken01b.uasset" 893
"D:/Code/UE/Homework/Content/SoulCave/Environment/Meshes/Building/SM_Cave_Rock_PillarTop.uasset" 894
"D:/Code/UE/Homework/Content/SoulCave/Environment/Meshes/Building/SM_Cave_Statue_Torso.uasset" 895
"D:/Code/UE/Homework/Content/SoulCave/Environment/Meshes/Building/SM_Cave_Wood_Beam.uasset" 896
"D:/Code/UE/Homework/Content/SoulCave/Environment/Meshes/Building/SM_GDC2012_Throne_Interior_Chain_04_Holder.uasset" 897
"D:/Code/UE/Homework/Content/SoulCave/Environment/Meshes/Building/SM_GDC2012_Throne_Interior_Chain_05.uasset" 898
"D:/Code/UE/Homework/Content/SoulCave/Environment/Textures/Building/T_Soul_Statue_Body_D.uasset" 899
"D:/Code/UE/Homework/Content/SoulCave/Environment/Textures/Building_Slum/T_Slums_TilingMetal_D.uasset" 900
"D:/Code/UE/Homework/Content/SoulCave/Environment/Materials/Building/M_Soul_Statue_Bolts.uasset" 901
"D:/Code/UE/Homework/Content/SoulCave/Environment/Materials/Building/M_Soul_Statue_Chrome.uasset" 902
"D:/Code/UE/Homework/Content/SoulCave/Environment/Materials/Building/M_Soul_Statue_Cloth.uasset" 903
"D:/Code/UE/Homework/Content/SoulCave/Environment/Materials/Building/M_Soul_Statue_Face.uasset" 904
"D:/Code/UE/Homework/Content/SoulCave/Environment/Meshes/Building/SM_S_Soul_Statue.uasset" 905
"D:/Code/UE/Homework/Content/SoulCave/Environment/Meshes/Building/SM_Statue_Crumble_RK.uasset" 906
"D:/Code/UE/Homework/Content/SoulCave/Environment/Materials/Building/M_Soul_Glowstick.uasset" 907
"D:/Code/UE/Homework/Content/SoulCave/Environment/Meshes/Building_Slum/SM_glowstick02.uasset" 908
"D:/Code/UE/Homework/Content/SoulCave/Environment/Textures/Building/T_LV_SoulDistanceBD02_D.uasset" 909
"D:/Code/UE/Homework/Content/SoulCave/Environment/Materials/Building/M_LV_SoulDistanceBD002_M2.uasset" 910
"D:/Code/UE/Homework/Content/SoulCave/Environment/Meshes/Building_Slum/SM_LV_Soul_Slum_signpost.uasset" 911
"D:/Code/UE/Homework/Content/SoulCave/Environment/Materials/Building/M_Slums_Cloth_.uasset" 912
"D:/Code/UE/Homework/Content/SoulCave/Environment/Materials/Building/MI_Slums_Cloth_01.uasset" 913
"D:/Code/UE/Homework/Content/SoulCave/Environment/Meshes/Building_Slum/SM_Slums_Cloth_01b.uasset" 914
"D:/Code/UE/Homework/Content/SoulCave/Environment/PhysicalMaterials/WoodLadder.uasset" 915
"D:/Code/UE/Homework/Content/SoulCave/Environment/Textures/Building_Slum/T_Slums_Wood_D.uasset" 916
"D:/Code/UE/Homework/Content/SoulCave/Environment/Textures/Building_Slum/T_Slums_Wood_N.uasset" 917
"D:/Code/UE/Homework/Content/SoulCave/Environment/Materials/Building/M_Slums_Wood.uasset" 918
"D:/Code/UE/Homework/Content/SoulCave/Environment/Textures/Building_Slum/T_Patina_Metal_D.uasset" 919
"D:/Code/UE/Homework/Content/SoulCave/Environment/Textures/Building_Slum/T_Slums_TilingMetal_n.uasset" 920
"D:/Code/UE/Homework/Content/SoulCave/Environment/Materials/MaterialLayers/MF_Slums_Metal.uasset" 921
"D:/Code/UE/Homework/Content/SoulCave/Environment/Textures/Building_Slum/T_Slums_Metal_Rust_03_D.uasset" 922
"D:/Code/UE/Homework/Content/SoulCave/Environment/Textures/Building_Slum/T_Slums_Metal_Rust_03_N.uasset" 923
"D:/Code/UE/Homework/Content/SoulCave/Environment/Materials/MaterialLayers/MF_Slums_Rusted.uasset" 924
"D:/Code/UE/Homework/Content/SoulCave/Environment/Textures/Building_Slum/T_Slums_MetalTexture_M.uasset" 925
"D:/Code/UE/Homework/Content/SoulCave/Environment/Textures/Building_Slum/T_Slums_MetalTexture_N.uasset" 926
"D:/Code/UE/Homework/Content/SoulCave/Environment/Materials/Building/M_Slums_Metalwork.uasset" 927
"D:/Code/UE/Homework/Content/SoulCave/Environment/Materials/Building/MI_Slums_Metalwork.uasset" 928
"D:/Code/UE/Homework/Content/SoulCave/Environment/Textures/Building_Slum/T_Slums_Window_D.uasset" 929
"D:/Code/UE/Homework/Content/SoulCave/Environment/Textures/Building_Slum/T_Slums_Window_M.uasset" 930
"D:/Code/UE/Homework/Content/SoulCave/Environment/Textures/Building_Slum/T_Slums_Window_N.uasset" 931
"D:/Code/UE/Homework/Content/SoulCave/Environment/Materials/Building/M_Slums_Window2.uasset" 932
"D:/Code/UE/Homework/Content/SoulCave/Environment/Materials/Building/MI_Slums_Window2__NoLight.uasset" 933
"D:/Code/UE/Homework/Content/SoulCave/Environment/Meshes/Building_Slum/SM_Slums_Distance_01b_OP.uasset" 934
"D:/Code/UE/Homework/Content/SoulCave/Environment/Textures/Water/T_Environment_Materials_Wet_TilingFlow02_N.uasset" 935
"D:/Code/UE/Homework/Content/SoulCave/Environment/Materials/Functions/MF_GroundWetness.uasset" 936
"D:/Code/UE/Homework/Content/SoulCave/Environment/Materials/Functions/MF_Switch.uasset" 937
"D:/Code/UE/Homework/Content/SoulCave/Environment/Textures/Building_Slum/T_Slums_Wall_D.uasset" 938
"D:/Code/UE/Homework/Content/SoulCave/Environment/Textures/Building_Slum/T_Slums_Wall_N.uasset" 939
"D:/Code/UE/Homework/Content/SoulCave/Environment/Materials/MaterialLayers/MF_Slums_Concrete.uasset" 940
"D:/Code/UE/Homework/Content/SoulCave/Environment/Materials/Building/M_Slums_Concrete.uasset" 941
"D:/Code/UE/Homework/Content/SoulCave/Environment/Materials/Building/MI_Slums_Concrete_Tiles.uasset" 942
"D:/Code/UE/Homework/Content/SoulCave/Environment/Meshes/Building_Slum/SM_Slums_Distance_03a_OP.uasset" 943
"D:/Code/UE/Homework/Content/SoulCave/Environment/Materials/Building/M_Slums_2.uasset" 944
"D:/Code/UE/Homework/Content/SoulCave/Environment/Textures/Building_Slum/T_Slums_PipeTexture_01b_M.uasset" 945
"D:/Code/UE/Homework/Content/SoulCave/Environment/Textures/Building_Slum/T_Slums_PipeTexture_01b_N.uasset" 946
"D:/Code/UE/Homework/Content/SoulCave/Environment/Materials/Building/MI_Slums_2P.uasset" 947
"D:/Code/UE/Homework/Content/SoulCave/Environment/Meshes/Building_Slum/SM_Slums_Pipe_04b.uasset" 948
"D:/Code/UE/Homework/Content/SoulCave/Environment/Meshes/Building_Slum/SM_Slums_Trash_01a.uasset" 949
"D:/Code/UE/Homework/Content/SoulCave/Environment/Meshes/Building_Slum/SM_Slums_Trash_02a.uasset" 950
"D:/Code/UE/Homework/Content/SoulCave/Environment/Textures/Building/T_Slums_Trashcan_N.uasset" 951
"D:/Code/UE/Homework/Content/SoulCave/Environment/Textures/Building/T_Slums_Trashcan_D.uasset" 952
"D:/Code/UE/Homework/Content/SoulCave/Environment/Materials/Building/M_Trashcan.uasset" 953
"D:/Code/UE/Homework/Content/SoulCave/Environment/Meshes/Building_Slum/SM_Slums_Trashbag.uasset" 954
"D:/Code/UE/Homework/Content/SoulCave/Environment/Meshes/Building_Slum/SM_Slums_Wall_01h.uasset" 955
"D:/Code/UE/Homework/Content/SoulCave/Environment/Meshes/Building_Slum/SM_Slums_Wall_02h.uasset" 956
"D:/Code/UE/Homework/Content/SoulCave/Environment/Meshes/Building_Slum/SM_Slums_Wall_02k.uasset" 957
"D:/Code/UE/Homework/Content/SoulCave/Environment/Meshes/Building_Slum/SM_Slums_Wall_02l.uasset" 958
"D:/Code/UE/Homework/Content/SoulCave/Environment/Meshes/Building_Slum/SM_Slums_Wires_01a_OP0.uasset" 959
"D:/Code/UE/Homework/Content/SoulCave/Environment/Meshes/Building_Slum/SM_Slums_Wires_02c.uasset" 960
"D:/Code/UE/Homework/Content/SoulCave/Environment/Meshes/Building_Slum/SM_Slums_WoodWall_01a.uasset" 961
"D:/Code/UE/Homework/Content/SoulCave/Environment/Meshes/Building_Slum/SM_Slums_WoodWall_01e.uasset" 962
"D:/Code/UE/Homework/Content/SoulCave/Environment/Meshes/Building_Slum/SM_Slums_WoodWall_01e_OP.uasset" 963
"D:/Code/UE/Homework/Content/SoulCave/Environment/Meshes/Building_Slum/SM_Slums_WoodWall_01f_OP.uasset" 964
"D:/Code/UE/Homework/Content/SoulCave/Environment/Meshes/Building_Slum/SM_Slums_WoodWall_02b.uasset" 965
"D:/Code/UE/Homework/Content/SoulCave/Environment/Meshes/Merged/SM_MergedMesh_Cave_Rock_Path_Single_6.uasset" 966
"D:/Code/UE/Homework/Content/SoulCave/Environment/Materials/Rocks/MI_Cave_Rock_Stalactite.uasset" 967
"D:/Code/UE/Homework/Content/SoulCave/Environment/Meshes/Merged/SM_MergedMesh_Cave_Rocks_Stalactite_01_7.uasset" 968
"D:/Code/UE/Homework/Content/SoulCave/Environment/Meshes/Nature/SM_Cave_Floor_Plane_100_10.uasset" 969
"D:/Code/UE/Homework/Content/SoulCave/Environment/Meshes/Nature/SM_Cave_Grass01.uasset" 970
"D:/Code/UE/Homework/Content/SoulCave/Environment/Meshes/Nature/SM_Cave_Leaf_Pile01.uasset" 971
"D:/Code/UE/Homework/Content/SoulCave/Environment/Meshes/Nature/SM_Cave_Leaf_Pile02.uasset" 972
"D:/Code/UE/Homework/Content/SoulCave/Environment/Meshes/Nature/SM_Cave_Leaf_Pile03_1.uasset" 973
"D:/Code/UE/Homework/Content/SoulCave/Environment/Meshes/Nature/SM_Cave_Leaf_Pile_Combined01.uasset" 974
"D:/Code/UE/Homework/Content/SoulCave/Environment/Meshes/Nature/SM_Cave_Roots01.uasset" 975
"D:/Code/UE/Homework/Content/SoulCave/Environment/Meshes/Nature/SM_Cave_Roots02.uasset" 976
"D:/Code/UE/Homework/Content/SoulCave/Environment/Meshes/Nature/SM_Cave_Tree01.uasset" 977
"D:/Code/UE/Homework/Content/SoulCave/Environment/Meshes/Nature/SM_Ground_Plane_Hump01.uasset" 978
"D:/Code/UE/Homework/Content/SoulCave/Environment/Meshes/Nature/SM_Ground_Plane_Warble.uasset" 979
"D:/Code/UE/Homework/Content/SoulCave/Environment/Textures/Foliage/T_LV_Forest_Foliage02_D.uasset" 980
"D:/Code/UE/Homework/Content/SoulCave/Environment/Textures/Foliage/T_LV_Forest_Foliage02_N.uasset" 981
"D:/Code/UE/Homework/Content/SoulCave/Environment/Materials/Nature/M_Soul_Grass04.uasset" 982
"D:/Code/UE/Homework/Content/SoulCave/Environment/Meshes/Nature/SM_LV_Soul_Foliage021SM.uasset" 983
"D:/Code/UE/Homework/Content/SoulCave/Environment/Textures/Nature/T_VINETEXTURE_D.uasset" 984
"D:/Code/UE/Homework/Content/SoulCave/Environment/Textures/Nature/T_VINETEXTURE_N.uasset" 985
"D:/Code/UE/Homework/Content/SoulCave/Environment/Materials/Nature/M_Soul_Bush.uasset" 986
"D:/Code/UE/Homework/Content/SoulCave/Environment/Meshes/Nature/SM_S_Soul_bush.uasset" 987
"D:/Code/UE/Homework/Content/SoulCave/Environment/Materials/Props/M_Soul_Fog2_MASTER.uasset" 988
"D:/Code/UE/Homework/Content/SoulCave/Environment/Meshes/Nature/SM_S_Soul_Fog.uasset" 989
"D:/Code/UE/Homework/Content/SoulCave/Environment/Textures/Effects/T_GodRay_Mask02_N.uasset" 990
"D:/Code/UE/Homework/Content/SoulCave/Environment/Materials/Props/M_Soul_GODRAY_MASTER2.uasset" 991
"D:/Code/UE/Homework/Content/SoulCave/Environment/Meshes/Nature/SM_S_Soul_GodRay.uasset" 992
"D:/Code/UE/Homework/Content/SoulCave/Environment/Meshes/Nature/SM_S_Soul_Leaves1.uasset" 993
"D:/Code/UE/Homework/Content/SoulCave/Environment/Meshes/Nature/SM_S_Soul_leaves2.uasset" 994
"D:/Code/UE/Homework/Content/SoulCave/Environment/Textures/Nature/T_Soul_plants_D.uasset" 995
"D:/Code/UE/Homework/Content/SoulCave/Environment/Textures/Nature/T_Soul_plants_N.uasset" 996
"D:/Code/UE/Homework/Content/SoulCave/Environment/Materials/Nature/M_Soul_Plants.uasset" 997
"D:/Code/UE/Homework/Content/SoulCave/Environment/Meshes/Nature/SM_S_Soul_Plants_Fern.uasset" 998
"D:/Code/UE/Homework/Content/SoulCave/Environment/Meshes/Nature/SM_S_Soul_Plants_Fern2.uasset" 999
"D:/Code/UE/Homework/Content/SoulCave/Environment/Textures/Nature/T_Soul_Trees_D.uasset" 1000
"D:/Code/UE/Homework/Content/SoulCave/Environment/Textures/Nature/T_Soul_Trees_N.uasset" 1001
"D:/Code/UE/Homework/Content/SoulCave/Environment/Materials/Nature/M_Soul_TreeDead.uasset" 1002
"D:/Code/UE/Homework/Content/SoulCave/Environment/Meshes/Nature/SM_S_Soul_Tree3.uasset" 1003
"D:/Code/UE/Homework/Content/SoulCave/Environment/Textures/Building_Slum/T_Slums_PipeTexture_01_M.uasset" 1004
"D:/Code/UE/Homework/Content/SoulCave/Environment/Textures/Building_Slum/T_Slums_PipeTexture_01_N.uasset" 1005
"D:/Code/UE/Homework/Content/SoulCave/Environment/Materials/Building/MI_Slums_Metalwork_PipeA.uasset" 1006
"D:/Code/UE/Homework/Content/SoulCave/Environment/Meshes/NewNavi/Handrails/SM_slum_handrails_handrails_10.uasset" 1007
"D:/Code/UE/Homework/Content/SoulCave/Environment/Meshes/NewNavi/Handrails/SM_slum_handrails_handrails_12.uasset" 1008
"D:/Code/UE/Homework/Content/SoulCave/Environment/Materials/Building/MI_Slums_Concrete.uasset" 1009
"D:/Code/UE/Homework/Content/SoulCave/Environment/Meshes/NewNavi/Roads/SM_slum_roads_stair_38.uasset" 1010
"D:/Code/UE/Homework/Content/SoulCave/Environment/Meshes/NewNavi/Roads/SM_slum_roads_stair_39.uasset" 1011
"D:/Code/UE/Homework/Content/SoulCave/Environment/Meshes/NewNavi/Roads/SM_slum_roads_stair_42.uasset" 1012
"D:/Code/UE/Homework/Content/SoulCave/Environment/Meshes/NewNavi/Stairs/SM_slum_stairs_slumStairs_00.uasset" 1013
"D:/Code/UE/Homework/Content/SoulCave/Environment/Meshes/NewNavi/Stairs/SM_slum_stairs_slumStairs_03.uasset" 1014
"D:/Code/UE/Homework/Content/SoulCave/Environment/Materials/Rocks/MI_Cave_Rock_Ceiling.uasset" 1015
"D:/Code/UE/Homework/Content/SoulCave/Environment/Meshes/Rocks/SM_Cave_Rock_Ceiling.uasset" 1016
"D:/Code/UE/Homework/Content/SoulCave/Environment/Textures/Rock/T_Cave_Rock_CurvedWall_M.uasset" 1017
"D:/Code/UE/Homework/Content/SoulCave/Environment/Textures/Rock/T_Cave_Rock_CurvedWall_N.uasset" 1018
"D:/Code/UE/Homework/Content/SoulCave/Environment/Materials/Rocks/MI_Cave_Rock_CurvedWall.uasset" 1019
"D:/Code/UE/Homework/Content/SoulCave/Environment/Meshes/Rocks/SM_Cave_Rock_CurvedWall.uasset" 1020
"D:/Code/UE/Homework/Content/SoulCave/Environment/Meshes/Rocks/SM_Cave_Rock_Flat01.uasset" 1021
"D:/Code/UE/Homework/Content/SoulCave/Environment/Materials/Rocks/MI_Cave_Rock_Large.uasset" 1022
"D:/Code/UE/Homework/Content/SoulCave/Environment/Meshes/Rocks/SM_Cave_Rock_Large01_REDO.uasset" 1023
"D:/Code/UE/Homework/Content/SoulCave/Environment/Meshes/Rocks/SM_Cave_Rock_Large02.uasset" 1024
"D:/Code/UE/Homework/Content/SoulCave/Environment/Materials/Rocks/MI_Cave_Rock_Medium.uasset" 1025
"D:/Code/UE/Homework/Content/SoulCave/Environment/Meshes/Rocks/SM_Cave_Rock_Medium01.uasset" 1026
"D:/Code/UE/Homework/Content/SoulCave/Environment/Meshes/Rocks/SM_Cave_Rock_Medium02.uasset" 1027
"D:/Code/UE/Homework/Content/SoulCave/Environment/Meshes/Rocks/SM_Cave_Rock_Path_Single.uasset" 1028
"D:/Code/UE/Homework/Content/SoulCave/Environment/Meshes/Rocks/SM_Cave_Rock_Small01.uasset" 1029
"D:/Code/UE/Homework/Content/SoulCave/Environment/Meshes/Rocks/SM_Cave_Rock_Small02.uasset" 1030
"D:/Code/UE/Homework/Content/SoulCave/Environment/Meshes/Rocks/SM_Cave_Rocks_Stalactite_01.uasset" 1031
"D:/Code/UE/Homework/Content/SoulCave/Environment/Meshes/Rocks/SM_Cave_Rocks_Stalactite_02.uasset" 1032
"D:/Code/UE/Homework/Content/SoulCave/Environment/Meshes/Rocks/SM_Cave_Rocks_Stalactite_04.uasset" 1033
"D:/Code/UE/Homework/Content/SoulCave/Environment/Meshes/Rocks/SM_Cave_Rocks_Stalactite_05.uasset" 1034
"D:/Code/UE/Homework/Content/SoulCave/Environment/Meshes/Rocks/SM_Cave_StoneCluster01_COMBINED.uasset" 1035
"D:/Code/UE/Homework/Content/SoulCave/Environment/Meshes/Rocks/SM_Cave_StoneCluster02_COMBINEDa.uasset" 1036
"D:/Code/UE/Homework/Content/SoulCave/Environment/Meshes/Rocks/SM_Cave_StoneCluster02_COMBINEDb.uasset" 1037
"D:/Code/UE/Homework/Content/SoulCave/Environment/Meshes/Rocks/SM_Cave_StoneCluster03.uasset" 1038
"D:/Code/UE/Homework/Content/SoulCave/Environment/Meshes/Rocks/SM_RockFlatPile.uasset" 1039
"D:/Code/UE/Homework/Content/SoulCave/Environment/Meshes/Rocks/SM_RockPile.uasset" 1040
"D:/Code/UE/Homework/Content/SoulCave/Environment/Meshes/Rocks/SM_RockRamp_Curved_01.uasset" 1041
"D:/Code/UE/Homework/Content/SoulCave/Environment/Meshes/Rocks/SM_RockRamp_Curved_02.uasset" 1042
"D:/Code/UE/Homework/Content/SoulCave/Environment/Meshes/Rocks/SM_RockRamp_Curved_03.uasset" 1043
"D:/Code/UE/Homework/Content/SoulCave/Environment/Meshes/Rocks/SM_RockRamp_Straight_01.uasset" 1044
"D:/Code/UE/Homework/Content/SoulCave/Environment/Meshes/Rocks/SM_Rocks_Flat_Top.uasset" 1045
"D:/Code/UE/Homework/Content/SoulCave/Environment/Materials/Building/MI_Slums_Metalwork_Shiny.uasset" 1046
"D:/Code/UE/Homework/Content/SoulCave/Environment/Meshes/Unified/SM_Unified_25_Opt.uasset" 1047
"D:/Code/UE/Homework/Content/SoulCave/Environment/Textures/Rock/T_Cave_Rock_Detail_N.uasset" 1048
"D:/Code/UE/Homework/Content/SoulCave/Environment/Textures/Water/T_waternormal_N.uasset" 1049
"D:/Code/UE/Homework/Content/SoulCave/Environment/Materials/Water/M_Cave_Water_JM2.uasset" 1050
"D:/Code/UE/Homework/Content/SoulCave/Environment/Materials/Water/MI_Cave_Water_JM.uasset" 1051
"D:/Code/UE/Homework/Content/SoulCave/Environment/Meshes/Water/SM_Cave_Water_Plane_1000_Cut.uasset" 1052
"D:/Code/UE/Homework/Content/SoulCave/Environment/Meshes/Water/SM_S_Soul_Waterfall1.uasset" 1053
"D:/Code/UE/Homework/Content/SoulCave/Environment/Materials/Water/MI_Soul_Waterfall_FoamBilll1.uasset" 1054
"D:/Code/UE/Homework/Content/SoulCave/Environment/Meshes/Water/SM_S_Soul_waterfall2.uasset" 1055
"D:/Code/UE/Homework/Content/SoulCave/Environment/Textures/Effects/T_LV_Soul_OutColor_G01_D.uasset" 1056
"D:/Code/UE/Homework/Content/SoulCave/Sound/Wav/AmbientLooping/CaveWind13.uasset" 1057
"D:/Code/UE/Homework/Content/SoulCave/Sound/Wav/AmbientLooping/WaterDrips02.uasset" 1058
"D:/Code/UE/Homework/Content/SoulCave/Sound/Wav/AmbientLooping/WaterDrips04.uasset" 1059
"D:/Code/UE/Homework/Content/SoulCave/Sound/Wav/AmbientLooping/WaterDrips05.uasset" 1060
"D:/Code/UE/Homework/Content/SoulCave/Sound/Wav/AmbientLooping/Waterfall04.uasset" 1061
"D:/Code/UE/Homework/Content/SoulCave/Sound/Wav/AmbientLooping/Waterfall05.uasset" 1062
"D:/Code/UE/Homework/Content/SoulCave/Sound/Wav/AmbientLooping/Waterfall06.uasset" 1063
"D:/Code/UE/Homework/Content/SoulCave/Sound/Wav/AmbientLooping/Waterfall07.uasset" 1064
"D:/Code/UE/Homework/Content/SoulCave/Sound/Wav/AmbientLooping/WaterFountain03.uasset" 1065
"D:/Code/UE/Homework/Content/ThirdPersonBP/Maps/LV_Soul_Cave_Mobile.umap" 1066
"../../../Engine/Content/Maps/Entry_BuiltData.uasset" 1067
"../../../Engine/Content/Maps/Entry.umap" 1068
