"../../../Engine/Content/EngineResources/Black.uasset" 0
"D:/Code/UE/Homework/Content/InfinityBladeEffects/Effects/Masters/M_Add_Sprite_SubUV_Master.uasset" 1
"D:/Code/UE/Homework/Content/InfinityBladeEffects/Effects/FX_Textures/Fire/T_fireStreak_12X3.uasset" 2
"D:/Code/UE/Homework/Content/InfinityBladeEffects/Effects/FX_Materials/Fire/M_Fire_03_Add_12X3_INST.uasset" 3
"D:/Code/UE/Homework/Content/InfinityBladeEffects/Effects/FX_Textures/Fire/T_Fire_Shock_01.uasset" 4
"D:/Code/UE/Homework/Content/InfinityBladeEffects/Effects/FX_Materials/Fire/M_Fire_Shock_01_5x5_SubUV_INST.uasset" 5
"D:/Code/UE/Homework/Content/InfinityBladeEffects/Effects/Masters/M_Add_Sprite_Master_DepthFade.uasset" 6
"D:/Code/UE/Homework/Content/InfinityBladeEffects/Effects/FX_Textures/Gradient/T_starFlare_01.uasset" 7
"D:/Code/UE/Homework/Content/InfinityBladeEffects/Effects/FX_Materials/Gradient/M_Flare_01_INST.uasset" 8
"D:/Code/UE/Homework/Content/InfinityBladeEffects/Effects/FX_Textures/Gradient/T_impactFlares_meleeBase.uasset" 9
"D:/Code/UE/Homework/Content/InfinityBladeEffects/Effects/FX_Materials/Gradient/M_Flash_Impact_01_1X2_INST.uasset" 10
"D:/Code/UE/Homework/Content/InfinityBladeEffects/Effects/Masters/M_Add_Sprite_Master.uasset" 11
"D:/Code/UE/Homework/Content/InfinityBladeEffects/Effects/FX_Textures/Gradient/T_SlashArc.uasset" 12
"D:/Code/UE/Homework/Content/InfinityBladeEffects/Effects/FX_Materials/Gradient/M_SlashArc_01_INST.uasset" 13
"D:/Code/UE/Homework/Content/InfinityBladeEffects/Effects/FX_Meshes/Skills/SM_SlashArc.uasset" 14
"D:/Code/UE/Homework/Content/InfinityBladeEffects/Effects/FX_Combat_Base/Impact/P_Impact_Player_Fire_Strong.uasset" 15
"D:/Code/UE/Homework/Content/Mannequin/Character/Mesh/SK_Mannequin_Skeleton.uasset" 16
"D:/Code/UE/Homework/Content/Mannequin/Animations/ThirdPersonJump_End.uasset" 17
"D:/Code/UE/Homework/Content/Mannequin/Animations/ThirdPersonJump_Loop.uasset" 18
"D:/Code/UE/Homework/Content/Mannequin/Animations/ThirdPersonJump_Start.uasset" 19
"D:/Code/UE/Homework/Content/Mannequin/Animations/ThirdPersonIdle.uasset" 20
"D:/Code/UE/Homework/Content/Mannequin/Animations/ThirdPersonRun.uasset" 21
"D:/Code/UE/Homework/Content/Mannequin/Animations/ThirdPersonWalk.uasset" 22
"D:/Code/UE/Homework/Content/Mannequin/Animations/ThirdPerson_IdleRun_2D.uasset" 23
"../../../Engine/Content/EditorBlueprintResources/StandardMacros.uasset" 24
"D:/Code/UE/Homework/Content/Mannequin/Animations/ThirdPerson_AnimBP.uasset" 25
"D:/Code/UE/Homework/Content/Mannequin/Animations/ThirdPerson_Jump.uasset" 26
"../../../Engine/Content/Functions/Engine_MaterialFunctions02/Utility/BlendAngleCorrectedNormals.uasset" 27
"../../../Engine/Content/Functions/MaterialLayerFunctions/MatLayerBlend_NormalBlend.uasset" 28
"../../../Engine/Content/Functions/MaterialLayerFunctions/MatLayerBlend_Simple.uasset" 29
"D:/Code/UE/Homework/Content/Mannequin/Character/Materials/MaterialLayers/T_ML_Rubber_Blue_01_D.uasset" 30
"D:/Code/UE/Homework/Content/Mannequin/Character/Materials/MaterialLayers/T_ML_Rubber_Blue_01_N.uasset" 31
"D:/Code/UE/Homework/Content/Mannequin/Character/Materials/MaterialLayers/ML_GlossyBlack_Latex_UE4.uasset" 32
"D:/Code/UE/Homework/Content/Mannequin/Character/Materials/MaterialLayers/ML_Plastic_Shiny_Beige.uasset" 33
"D:/Code/UE/Homework/Content/Mannequin/Character/Textures/UE4_LOGO_CARD.uasset" 34
"D:/Code/UE/Homework/Content/Mannequin/Character/Materials/MaterialLayers/ML_Plastic_Shiny_Beige_LOGO.uasset" 35
"D:/Code/UE/Homework/Content/Mannequin/Character/Materials/MaterialLayers/T_ML_Aluminum01.uasset" 36
"D:/Code/UE/Homework/Content/Mannequin/Character/Materials/MaterialLayers/T_ML_Aluminum01_N.uasset" 37
"D:/Code/UE/Homework/Content/Mannequin/Character/Materials/MaterialLayers/ML_SoftMetal_UE4.uasset" 38
"D:/Code/UE/Homework/Content/Mannequin/Character/Textures/T_UE4_Mannequin_Mobile_M.uasset" 39
"D:/Code/UE/Homework/Content/Mannequin/Character/Textures/T_UE4_Mannequin_Mobile_N.uasset" 40
"D:/Code/UE/Homework/Content/Mannequin/Character/Materials/M_UE4Man_Body.uasset" 41
"D:/Code/UE/Homework/Content/Mannequin/Character/Textures/UE4Man_Logo_N.uasset" 42
"D:/Code/UE/Homework/Content/Mannequin/Character/Materials/M_UE4Man_ChestLogo.uasset" 43
"D:/Code/UE/Homework/Content/Mannequin/Character/Mesh/SK_Mannequin.uasset" 44
"D:/Code/UE/Homework/Content/Mannequin/Character/Mesh/SK_Mannequin_PhysicsAsset.uasset" 45
"../../../Engine/Content/Functions/Engine_MaterialFunctions01/Gradient/RadialGradient.uasset" 46
"D:/Code/UE/Homework/Content/Materials/M_Bullet.uasset" 47
"D:/Code/UE/Homework/Content/Materials/M_Bullet_Inst.uasset" 48
"D:/Code/UE/Homework/Content/MobileStarterContent/Materials/M_Basic_Wall.uasset" 49
"D:/Code/UE/Homework/Content/MobileStarterContent/Architecture/Pillar_50x500.uasset" 50
"D:/Code/UE/Homework/Content/MobileStarterContent/Architecture/Wall_400x300.uasset" 51
"D:/Code/UE/Homework/Content/MobileStarterContent/Architecture/Wall_400x400.uasset" 52
"D:/Code/UE/Homework/Content/MobileStarterContent/Architecture/Wall_500x500.uasset" 53
"D:/Code/UE/Homework/Content/MobileStarterContent/Architecture/Wall_Door_400x400.uasset" 54
"D:/Code/UE/Homework/Content/MobileStarterContent/Architecture/Wall_Window_400x400.uasset" 55
"D:/Code/UE/Homework/Content/MobileStarterContent/Audio/Light01.uasset" 56
"D:/Code/UE/Homework/Content/MobileStarterContent/Audio/Light01_Cue.uasset" 57
"D:/Code/UE/Homework/Content/MobileStarterContent/Audio/Light02.uasset" 58
"D:/Code/UE/Homework/Content/MobileStarterContent/Audio/Light02_Cue.uasset" 59
"D:/Code/UE/Homework/Content/MobileStarterContent/Audio/Steam01.uasset" 60
"D:/Code/UE/Homework/Content/MobileStarterContent/Audio/Steam01_Cue.uasset" 61
"D:/Code/UE/Homework/Content/MobileStarterContent/Audio/Explosion01.uasset" 62
"D:/Code/UE/Homework/Content/MobileStarterContent/Audio/Explosion02.uasset" 63
"D:/Code/UE/Homework/Content/MobileStarterContent/Audio/Explosion_Cue.uasset" 64
"D:/Code/UE/Homework/Content/MobileStarterContent/Textures/T_Burst_M.uasset" 65
"D:/Code/UE/Homework/Content/MobileStarterContent/Particles/Materials/M_Burst.uasset" 66
"D:/Code/UE/Homework/Content/MobileStarterContent/Textures/T_Explosion_SubUV.uasset" 67
"D:/Code/UE/Homework/Content/MobileStarterContent/Particles/Materials/M_explosion_subUV.uasset" 68
"D:/Code/UE/Homework/Content/MobileStarterContent/Particles/Materials/m_flare_01.uasset" 69
"D:/Code/UE/Homework/Content/MobileStarterContent/Particles/Materials/M_radial_ramp.uasset" 70
"D:/Code/UE/Homework/Content/MobileStarterContent/Textures/T_Smoke_SubUV.uasset" 71
"D:/Code/UE/Homework/Content/MobileStarterContent/Textures/T_Smoke_Tiled_D.uasset" 72
"D:/Code/UE/Homework/Content/MobileStarterContent/Particles/Materials/M_smoke_subUV.uasset" 73
"D:/Code/UE/Homework/Content/MobileStarterContent/Particles/P_Explosion.uasset" 74
"D:/Code/UE/Homework/Content/MobileStarterContent/Blueprints/Blueprint_Effect_Explosion.uasset" 75
"D:/Code/UE/Homework/Content/MobileStarterContent/Textures/T_Bush_D.uasset" 76
"D:/Code/UE/Homework/Content/MobileStarterContent/Textures/T_Bush_N.uasset" 77
"D:/Code/UE/Homework/Content/MobileStarterContent/Props/Materials/M_Bush.uasset" 78
"D:/Code/UE/Homework/Content/MobileStarterContent/Props/SM_Bush.uasset" 79
"D:/Code/UE/Homework/Content/MobileStarterContent/Textures/T_Chair_M.uasset" 80
"D:/Code/UE/Homework/Content/MobileStarterContent/Textures/T_Chair_N.uasset" 81
"D:/Code/UE/Homework/Content/MobileStarterContent/Props/Materials/M_Chair.uasset" 82
"D:/Code/UE/Homework/Content/MobileStarterContent/Props/SM_Couch.uasset" 83
"D:/Code/UE/Homework/Content/MobileStarterContent/Materials/M_Glass.uasset" 84
"D:/Code/UE/Homework/Content/MobileStarterContent/Textures/T_Door_M.uasset" 85
"D:/Code/UE/Homework/Content/MobileStarterContent/Textures/T_Door_N.uasset" 86
"D:/Code/UE/Homework/Content/MobileStarterContent/Props/Materials/M_Door.uasset" 87
"D:/Code/UE/Homework/Content/MobileStarterContent/Props/SM_Door.uasset" 88
"D:/Code/UE/Homework/Content/MobileStarterContent/Props/Materials/M_MaterialSphere.uasset" 89
"D:/Code/UE/Homework/Content/MobileStarterContent/Props/Materials/M_MaterialSphere_Plain.uasset" 90
"D:/Code/UE/Homework/Content/MobileStarterContent/Props/SM_MatPreviewMesh_02.uasset" 91
"D:/Code/UE/Homework/Content/MobileStarterContent/Textures/T_Rock_Basalt_D.uasset" 92
"D:/Code/UE/Homework/Content/MobileStarterContent/Textures/T_RockMesh_M.uasset" 93
"D:/Code/UE/Homework/Content/MobileStarterContent/Textures/T_RockMesh_N.uasset" 94
"D:/Code/UE/Homework/Content/MobileStarterContent/Props/Materials/M_Rock.uasset" 95
"D:/Code/UE/Homework/Content/MobileStarterContent/Props/SM_Rock.uasset" 96
"D:/Code/UE/Homework/Content/MobileStarterContent/Textures/T_Shelf_M.uasset" 97
"D:/Code/UE/Homework/Content/MobileStarterContent/Textures/T_Shelf_N.uasset" 98
"D:/Code/UE/Homework/Content/MobileStarterContent/Props/Materials/M_Shelf.uasset" 99
"D:/Code/UE/Homework/Content/MobileStarterContent/Props/SM_Shelf.uasset" 100
"D:/Code/UE/Homework/Content/MobileStarterContent/Props/SM_Stairs.uasset" 101
"D:/Code/UE/Homework/Content/MobileStarterContent/Shapes/Shape_Cone.uasset" 102
"D:/Code/UE/Homework/Content/MobileStarterContent/Shapes/Shape_Cylinder.uasset" 103
"D:/Code/UE/Homework/Content/MobileStarterContent/Shapes/Shape_Pipe.uasset" 104
"D:/Code/UE/Homework/Content/MobileStarterContent/Shapes/Shape_Pipe_180.uasset" 105
"D:/Code/UE/Homework/Content/MobileStarterContent/Shapes/Shape_Pipe_90.uasset" 106
"D:/Code/UE/Homework/Content/MobileStarterContent/Shapes/Shape_Plane.uasset" 107
"D:/Code/UE/Homework/Content/MobileStarterContent/Shapes/Shape_Torus.uasset" 108
"D:/Code/UE/Homework/Content/MobileStarterContent/Shapes/Shape_Trim.uasset" 109
"D:/Code/UE/Homework/Content/MobileStarterContent/Shapes/Shape_Trim_90_In.uasset" 110
"D:/Code/UE/Homework/Content/MobileStarterContent/Shapes/Shape_Trim_90_Out.uasset" 111
"D:/Code/UE/Homework/Content/MobileStarterContent/Shapes/Shape_TriPyramid.uasset" 112
"D:/Code/UE/Homework/Content/MobileStarterContent/Shapes/Shape_Tube.uasset" 113
"D:/Code/UE/Homework/Content/MobileStarterContent/Shapes/Shape_Wedge_A.uasset" 114
"D:/Code/UE/Homework/Content/MobileStarterContent/Shapes/Shape_Wedge_B.uasset" 115
"D:/Code/UE/Homework/Content/MobileStarterContent/Shapes/Shape_WideCapsule.uasset" 116
"D:/Code/UE/Homework/Content/MobileStarterContent/Textures/T_CobbleStone_Pebble_M.uasset" 117
"D:/Code/UE/Homework/Content/MobileStarterContent/Textures/T_Concrete_Tiles_Variation_M.uasset" 118
"D:/Code/UE/Homework/Content/MobileStarterContent/Textures/T_Detail_Rocky_N.uasset" 119
"D:/Code/UE/Homework/Content/MobileStarterContent/Textures/T_Gradinet_01.uasset" 120
"D:/Code/UE/Homework/Content/MobileStarterContent/Textures/T_Perlin_Noise_M.uasset" 121
"D:/Code/UE/Homework/Content/MobileStarterContent/Textures/T_Rock_Smooth_Granite_D.uasset" 122
"D:/Code/UE/Homework/Content/ThirdPersonBP/ThirdPersonOverview.uasset" 123
"D:/Code/UE/Homework/Content/ThirdPersonBP/Blueprints/others/blood.uasset" 124
"D:/Code/UE/Homework/Content/ThirdPersonBP/Blueprints/blood.uasset" 125
"D:/Code/UE/Homework/Content/ThirdPersonBP/Blueprints/others/NewCanvasRenderTarget2D.uasset" 126
"D:/Code/UE/Homework/Content/ThirdPersonBP/Blueprints/others/Capture2D.uasset" 127
"D:/Code/UE/Homework/Content/ThirdPersonBP/Blueprints/Capture2D.uasset" 128
"D:/Code/UE/Homework/Content/ThirdPersonBP/Blueprints/UI/DamageBlood.uasset" 129
"D:/Code/UE/Homework/Content/ThirdPersonBP/Blueprints/DamageBlood.uasset" 130
"D:/Code/UE/Homework/Content/MobileStarterContent/Shapes/Shape_NarrowCapsule.uasset" 131
"D:/Code/UE/Homework/Content/ThirdPersonBP/Blueprints/others/Projectile_Base.uasset" 132
"../../../Engine/Content/Animation/DefaultAnimBoneCompressionSettings.uasset" 133
"D:/Code/UE/Homework/Content/ThirdPersonBP/Blueprints/Character/Swat_Skeleton.uasset" 134
"D:/Code/UE/Homework/Content/ThirdPersonBP/Blueprints/Character/Animations/idle_aiming.uasset" 135
"D:/Code/UE/Homework/Content/ThirdPersonBP/Blueprints/Character/Animations/idle.uasset" 136
"D:/Code/UE/Homework/Content/ThirdPersonBP/Blueprints/Character/Animations/run_backward_inPlace.uasset" 137
"D:/Code/UE/Homework/Content/ThirdPersonBP/Blueprints/Character/Animations/run_forward_inPlace.uasset" 138
"D:/Code/UE/Homework/Content/ThirdPersonBP/Blueprints/Character/Animations/run_left_inPlace.uasset" 139
"D:/Code/UE/Homework/Content/ThirdPersonBP/Blueprints/Character/Animations/run_right_inPlace.uasset" 140
"D:/Code/UE/Homework/Content/ThirdPersonBP/Blueprints/Character/Animations/walk_backward_inPlace.uasset" 141
"D:/Code/UE/Homework/Content/ThirdPersonBP/Blueprints/Character/Animations/walk_forward_inPlace.uasset" 142
"D:/Code/UE/Homework/Content/ThirdPersonBP/Blueprints/Character/Animations/walk_left_inPlace.uasset" 143
"D:/Code/UE/Homework/Content/ThirdPersonBP/Blueprints/Character/Animations/walk_right_inPlace.uasset" 144
"D:/Code/UE/Homework/Content/ThirdPersonBP/Blueprints/Character/Walk_Run_BS.uasset" 145
"D:/Code/UE/Homework/Content/ThirdPersonBP/Blueprints/Character/SWAT_ANIT_BP.uasset" 146
"D:/Code/UE/Homework/Content/MobileStarterContent/Textures/T_Tech_Panel_M.uasset" 147
"D:/Code/UE/Homework/Content/MobileStarterContent/Textures/T_Tech_Panel_N.uasset" 148
"D:/Code/UE/Homework/Content/MobileStarterContent/Materials/M_Tech_Panel.uasset" 149
"D:/Code/UE/Homework/Content/MobileStarterContent/Shapes/Shape_Sphere.uasset" 150
"D:/Code/UE/Homework/Content/ThirdPersonBP/Blueprints/Character/Weapons/Grenade.uasset" 151
"D:/Code/UE/Homework/Content/ThirdPersonBP/Blueprints/Character/Soldier_Body_diffuse.uasset" 152
"D:/Code/UE/Homework/Content/ThirdPersonBP/Blueprints/Character/Soldier_Body_normal.uasset" 153
"D:/Code/UE/Homework/Content/ThirdPersonBP/Blueprints/Character/Soldier_Body_specular.uasset" 154
"D:/Code/UE/Homework/Content/ThirdPersonBP/Blueprints/Character/Soldier_body1.uasset" 155
"D:/Code/UE/Homework/Content/ThirdPersonBP/Blueprints/Character/Soldier_head_diffuse.uasset" 156
"D:/Code/UE/Homework/Content/ThirdPersonBP/Blueprints/Character/Soldier_head_normal.uasset" 157
"D:/Code/UE/Homework/Content/ThirdPersonBP/Blueprints/Character/Soldier_head_specular.uasset" 158
"D:/Code/UE/Homework/Content/ThirdPersonBP/Blueprints/Character/Soldier_head6.uasset" 159
"D:/Code/UE/Homework/Content/ThirdPersonBP/Blueprints/Character/Swat_PhysicsAsset.uasset" 160
"D:/Code/UE/Homework/Content/ThirdPersonBP/Blueprints/Character/Swat.uasset" 161
"D:/Code/UE/Homework/Content/ThirdPersonBP/Blueprints/ThirdPersonCharacter.uasset" 162
"D:/Code/UE/Homework/Content/InfinityBladeEffects/Effects/FX_Textures/Fire/T_Fire_subUV_6X6.uasset" 163
"D:/Code/UE/Homework/Content/InfinityBladeEffects/Effects/FX_Materials/Fire/M_Fire_01_Add_6X6_INST.uasset" 164
"D:/Code/UE/Homework/Content/InfinityBladeEffects/Effects/Masters/M_Trans_Sprite_SubUV_Master.uasset" 165
"D:/Code/UE/Homework/Content/InfinityBladeEffects/Effects/FX_Textures/Fire/T_Fireball_02_SubUV_4_4.uasset" 166
"D:/Code/UE/Homework/Content/InfinityBladeEffects/Effects/FX_Materials/Fire/M_Fireball_03_4_4_INST.uasset" 167
"D:/Code/UE/Homework/Content/InfinityBladeEffects/Effects/FX_Textures/Gradient/T_starFlare_03.uasset" 168
"D:/Code/UE/Homework/Content/InfinityBladeEffects/Effects/FX_Materials/Gradient/M_Flare_04_INST.uasset" 169
"D:/Code/UE/Homework/Content/InfinityBladeEffects/Effects/FX_Materials/Smoke/M_Smoke_01_8X8_INST.uasset" 170
"D:/Code/UE/Homework/Content/InfinityBladeEffects/Effects/FX_Materials/Spark/M_Spark_04_SubUV_1_4_INST.uasset" 171
"D:/Code/UE/Homework/Content/InfinityBladeEffects/Effects/FX_Monsters/FX_Monster_Gruntling/Master/P_BackPack_MuzzleFlash.uasset" 172
"D:/Code/UE/Homework/Content/ThirdPersonBP/Blueprints/Character/Weapons/AK_diffuse.uasset" 173
"D:/Code/UE/Homework/Content/ThirdPersonBP/Blueprints/Character/Weapons/AK_normal.uasset" 174
"D:/Code/UE/Homework/Content/ThirdPersonBP/Blueprints/Character/Weapons/AK_specular.uasset" 175
"D:/Code/UE/Homework/Content/ThirdPersonBP/Blueprints/Character/Weapons/AKMat.uasset" 176
"D:/Code/UE/Homework/Content/ThirdPersonBP/Blueprints/Character/Weapons/AK_PhysicsAsset.uasset" 177
"D:/Code/UE/Homework/Content/ThirdPersonBP/Blueprints/Character/Weapons/AK_Skeleton.uasset" 178
"D:/Code/UE/Homework/Content/ThirdPersonBP/Blueprints/Character/Weapons/AK.uasset" 179
"D:/Code/UE/Homework/Content/ThirdPersonBP/Blueprints/Character/Weapons/Weapon.uasset" 180
"D:/Code/UE/Homework/Content/ThirdPersonBP/Blueprints/touch/fire.uasset" 181
"D:/Code/UE/Homework/Content/ThirdPersonBP/Blueprints/touch/Grenade.uasset" 182
"D:/Code/UE/Homework/Content/ThirdPersonBP/Blueprints/touch/jump.uasset" 183
"D:/Code/UE/Homework/Content/ThirdPersonBP/Blueprints/UI/FPSHUD.uasset" 184
"D:/Code/UE/Homework/Content/ThirdPersonBP/Blueprints/FPSHUD.uasset" 185
"D:/Code/UE/Homework/Content/ThirdPersonBP/Blueprints/others/NewCanvasRenderTarget2D_Mat.uasset" 186
"D:/Code/UE/Homework/Content/ThirdPersonBP/Blueprints/UI/LittleMap.uasset" 187
"D:/Code/UE/Homework/Content/ThirdPersonBP/Blueprints/LittleMap.uasset" 188
"D:/Code/UE/Homework/Content/ThirdPersonBP/Blueprints/NewCanvasRenderTarget2D.uasset" 189
"D:/Code/UE/Homework/Content/ThirdPersonBP/Blueprints/NewCanvasRenderTarget2D_Mat.uasset" 190
"D:/Code/UE/Homework/Content/ThirdPersonBP/Blueprints/others/Pain.uasset" 191
"D:/Code/UE/Homework/Content/ThirdPersonBP/Blueprints/Pain.uasset" 192
"D:/Code/UE/Homework/Content/ThirdPersonBP/Blueprints/Projectile_Base.uasset" 193
"D:/Code/UE/Homework/Content/ThirdPersonBP/Blueprints/ThirdPersonGameMode.uasset" 194
"D:/Code/UE/Homework/Content/ThirdPersonBP/Blueprints/Character/Crouch_BS.uasset" 195
"D:/Code/UE/Homework/Content/ThirdPersonBP/Blueprints/Character/SWAT_ANI_BP.uasset" 196
"D:/Code/UE/Homework/Content/ThirdPersonBP/Blueprints/Character/Animations/crouching_turn_90_left.uasset" 197
"D:/Code/UE/Homework/Content/ThirdPersonBP/Blueprints/Character/Animations/crouching_turn_90_right.uasset" 198
"D:/Code/UE/Homework/Content/ThirdPersonBP/Blueprints/Character/Animations/death_crouching_headshot_front.uasset" 199
"D:/Code/UE/Homework/Content/ThirdPersonBP/Blueprints/Character/Animations/death_from_back_headshot.uasset" 200
"D:/Code/UE/Homework/Content/ThirdPersonBP/Blueprints/Character/Animations/death_from_front_headshot.uasset" 201
"D:/Code/UE/Homework/Content/ThirdPersonBP/Blueprints/Character/Animations/death_from_right.uasset" 202
"D:/Code/UE/Homework/Content/ThirdPersonBP/Blueprints/Character/Animations/death_from_the_back.uasset" 203
"D:/Code/UE/Homework/Content/ThirdPersonBP/Blueprints/Character/Animations/death_from_the_front.uasset" 204
"D:/Code/UE/Homework/Content/ThirdPersonBP/Blueprints/Character/Animations/idle_crouching.uasset" 205
"D:/Code/UE/Homework/Content/ThirdPersonBP/Blueprints/Character/Animations/idle_crouching_aiming.uasset" 206
"D:/Code/UE/Homework/Content/ThirdPersonBP/Blueprints/Character/Animations/jump_down.uasset" 207
"D:/Code/UE/Homework/Content/ThirdPersonBP/Blueprints/Character/Animations/jump_loop.uasset" 208
"D:/Code/UE/Homework/Content/ThirdPersonBP/Blueprints/Character/Animations/jump_up.uasset" 209
"D:/Code/UE/Homework/Content/ThirdPersonBP/Blueprints/Character/Animations/reloading_inPlace.uasset" 210
"D:/Code/UE/Homework/Content/ThirdPersonBP/Blueprints/Character/Animations/run_backward_left_inPlace.uasset" 211
"D:/Code/UE/Homework/Content/ThirdPersonBP/Blueprints/Character/Animations/run_backward_right_inPlace.uasset" 212
"D:/Code/UE/Homework/Content/ThirdPersonBP/Blueprints/Character/Animations/run_forward_left_inPlace.uasset" 213
"D:/Code/UE/Homework/Content/ThirdPersonBP/Blueprints/Character/Animations/run_forward_right_inPlace.uasset" 214
"D:/Code/UE/Homework/Content/ThirdPersonBP/Blueprints/Character/Animations/sprint_backward_inPlace.uasset" 215
"D:/Code/UE/Homework/Content/ThirdPersonBP/Blueprints/Character/Animations/sprint_backward_left_inPlace.uasset" 216
"D:/Code/UE/Homework/Content/ThirdPersonBP/Blueprints/Character/Animations/sprint_backward_right_inPlace.uasset" 217
"D:/Code/UE/Homework/Content/ThirdPersonBP/Blueprints/Character/Animations/sprint_forward_inPlace.uasset" 218
"D:/Code/UE/Homework/Content/ThirdPersonBP/Blueprints/Character/Animations/sprint_forward_left_inPlace.uasset" 219
"D:/Code/UE/Homework/Content/ThirdPersonBP/Blueprints/Character/Animations/sprint_forward_right_inPlace.uasset" 220
"D:/Code/UE/Homework/Content/ThirdPersonBP/Blueprints/Character/Animations/sprint_left_inPlace.uasset" 221
"D:/Code/UE/Homework/Content/ThirdPersonBP/Blueprints/Character/Animations/sprint_right_inPlace.uasset" 222
"D:/Code/UE/Homework/Content/ThirdPersonBP/Blueprints/Character/Animations/turn_90_left.uasset" 223
"D:/Code/UE/Homework/Content/ThirdPersonBP/Blueprints/Character/Animations/turn_90_right.uasset" 224
"D:/Code/UE/Homework/Content/ThirdPersonBP/Blueprints/Character/Animations/walk_backward_left_inPlace.uasset" 225
"D:/Code/UE/Homework/Content/ThirdPersonBP/Blueprints/Character/Animations/walk_backward_right_inPlace.uasset" 226
"D:/Code/UE/Homework/Content/ThirdPersonBP/Blueprints/Character/Animations/walk_crouching_backward_inPlace.uasset" 227
"D:/Code/UE/Homework/Content/ThirdPersonBP/Blueprints/Character/Animations/walk_crouching_backward_left_inPlace.uasset" 228
"D:/Code/UE/Homework/Content/ThirdPersonBP/Blueprints/Character/Animations/walk_crouching_backward_right_inPlace.uasset" 229
"D:/Code/UE/Homework/Content/ThirdPersonBP/Blueprints/Character/Animations/walk_crouching_forward_inPlace.uasset" 230
"D:/Code/UE/Homework/Content/ThirdPersonBP/Blueprints/Character/Animations/walk_crouching_forward_left_inPlace.uasset" 231
"D:/Code/UE/Homework/Content/ThirdPersonBP/Blueprints/Character/Animations/walk_crouching_forward_right_inPlace.uasset" 232
"D:/Code/UE/Homework/Content/ThirdPersonBP/Blueprints/Character/Animations/walk_crouching_left_inPlace.uasset" 233
"D:/Code/UE/Homework/Content/ThirdPersonBP/Blueprints/Character/Animations/walk_crouching_right_inPlace.uasset" 234
"D:/Code/UE/Homework/Content/ThirdPersonBP/Blueprints/Character/Animations/walk_forward_left_inPlace.uasset" 235
"D:/Code/UE/Homework/Content/ThirdPersonBP/Blueprints/Character/Animations/walk_forward_right_inPlace.uasset" 236
"D:/Code/UE/Homework/Content/ThirdPersonBP/Blueprints/touch/01.uasset" 237
"D:/Code/UE/Homework/Content/ThirdPersonBP/Blueprints/touch/02.uasset" 238
"D:/Code/UE/Homework/Content/ThirdPersonBP/Blueprints/touch/TouchInterface.uasset" 239
"../../../Engine/Content/Animation/DefaultAnimCurveCompressionSettings.uasset" 240
"../../../Engine/Content/Functions/Engine_MaterialFunctions01/Opacity/CameraDepthFade.uasset" 241
"../../../Engine/Content/EngineMaterials/T_Default_Material_Grid_M.uasset" 242
"../../../Engine/Content/EngineMaterials/T_Default_Material_Grid_N.uasset" 243
"../../../Engine/Content/EngineMaterials/WorldGridMaterial.uasset" 244
"../../../Engine/Content/ArtTools/RenderToTexture/Meshes/S_1_Unit_Plane.uasset" 245
"../../../Engine/Content/EngineMaterials/DefaultMaterial.uasset" 246
"../../../Engine/Content/BasicShapes/Cone.uasset" 247
"../../../Engine/Content/BasicShapes/Cube.uasset" 248
"../../../Engine/Content/BasicShapes/Cylinder.uasset" 249
"../../../Engine/Content/BasicShapes/Plane.uasset" 250
"../../../Engine/Content/BasicShapes/Sphere.uasset" 251
"../../../Engine/Content/EditorLandscapeResources/DataLayer.uasset" 252
"../../../Engine/Content/EditorMaterials/MAT_Groups_Toggle.uasset" 253
"../../../Engine/Content/EditorMaterials/MAT_Groups_Visibility.uasset" 254
"../../../Engine/Content/EditorMaterials/PreviewShadowIndicator.uasset" 255
"../../../Engine/Content/EditorMaterials/PreviewShadowIndicatorMaterial.uasset" 256
"../../../Engine/Content/EditorMaterials/MatineeGroups/MAT_ColorTrack.uasset" 257
"../../../Engine/Content/EditorMaterials/MatineeGroups/MAT_Groups_Anim.uasset" 258
"../../../Engine/Content/EditorMaterials/MatineeGroups/MAT_Groups_AudioMaster.uasset" 259
"../../../Engine/Content/EditorMaterials/MatineeGroups/MAT_Groups_Director.uasset" 260
"../../../Engine/Content/EditorMaterials/MatineeGroups/MAT_Groups_Event.uasset" 261
"../../../Engine/Content/EditorMaterials/MatineeGroups/MAT_Groups_Fade.uasset" 262
"../../../Engine/Content/EditorMaterials/MatineeGroups/MAT_Groups_Float.uasset" 263
"../../../Engine/Content/EditorMaterials/MatineeGroups/MAT_Groups_Move.uasset" 264
"../../../Engine/Content/EditorMaterials/MatineeGroups/MAT_Groups_Slomo.uasset" 265
"../../../Engine/Content/EditorMaterials/MatineeGroups/MAT_Groups_Sound.uasset" 266
"../../../Engine/Content/EditorMaterials/MatineeGroups/MAT_Groups_Vector.uasset" 267
"../../../Engine/Content/EditorMaterials/ParticleSystems/PSysThumbnail_NoImage.uasset" 268
"../../../Engine/Content/EditorMaterials/ParticleSystems/PSysThumbnail_OOD.uasset" 269
"../../../Engine/Content/EditorMaterials/Camera/CineMat.uasset" 270
"../../../Engine/Content/EditorMaterials/Camera/MI_CineMat_Rig.uasset" 271
"../../../Engine/Content/EditorMeshes/Camera/SM_CraneRig_Arm.uasset" 272
"../../../Engine/Content/EditorMeshes/Camera/SM_CraneRig_Base.uasset" 273
"../../../Engine/Content/EditorMeshes/Camera/SM_CraneRig_Body.uasset" 274
"../../../Engine/Content/EditorMeshes/Camera/SM_CraneRig_Mount.uasset" 275
"../../../Engine/Content/EditorMeshes/Camera/SM_RailRig_Mount.uasset" 276
"../../../Engine/Content/EditorMeshes/Camera/SM_RailRig_Track.uasset" 277
"../../../Engine/Content/EditorResources/BSPVertex.uasset" 278
"../../../Engine/Content/EditorResources/EmptyActor.uasset" 279
"../../../Engine/Content/EditorResources/S_Actor.uasset" 280
"../../../Engine/Content/EditorResources/S_Note.uasset" 281
"../../../Engine/Content/EditorResources/S_Solver.uasset" 282
"../../../Engine/Content/EditorResources/S_Trigger.uasset" 283
"../../../Engine/Content/EditorResources/AudioIcons/S_AudioComponent.uasset" 284
"../../../Engine/Content/EditorResources/AudioIcons/S_AudioComponent_AutoActivate.uasset" 285
"../../../Engine/Content/EditorResources/LightIcons/S_LightError.uasset" 286
"../../../Engine/Content/EditorResources/SequenceRecorder/Countdown.uasset" 287
"../../../Engine/Content/EditorResources/SequenceRecorder/RecordingIndicator.uasset" 288
"../../../Engine/Content/EditorSounds/Notifications/CompileFailed.uasset" 289
"../../../Engine/Content/EditorSounds/Notifications/CompileFailed_Cue.uasset" 290
"../../../Engine/Content/EditorSounds/Notifications/CompileSuccess.uasset" 291
"../../../Engine/Content/EditorSounds/Notifications/CompileStart_Cue.uasset" 292
"../../../Engine/Content/EditorSounds/Notifications/CompileSuccess_Cue.uasset" 293
"../../../Engine/Content/EngineDamageTypes/DmgTypeBP_Environmental.uasset" 294
"../../../Engine/Content/EngineDebugMaterials/DebugEditorMaterial.uasset" 295
"../../../Engine/Content/EngineDebugMaterials/DebugMeshMaterial.uasset" 296
"../../../Engine/Content/EngineDebugMaterials/M_SimpleUnlitTranslucent.uasset" 297
"../../../Engine/Content/Functions/Engine_MaterialFunctions02/Utility/CameraDirectionVector.uasset" 298
"../../../Engine/Content/EngineDebugMaterials/VolumeToRender.uasset" 299
"../../../Engine/Content/EngineDebugMaterials/M_VolumeRenderSphereTracePP.uasset" 300
"../../../Engine/Content/EngineDebugMaterials/WireframeMaterial.uasset" 301
"../../../Engine/Content/EngineFonts/Faces/DroidSansFallback.uasset" 302
"../../../Engine/Content/EngineFonts/Faces/RobotoBold.uasset" 303
"../../../Engine/Content/EngineFonts/Faces/RobotoBoldItalic.uasset" 304
"../../../Engine/Content/EngineFonts/Faces/RobotoItalic.uasset" 305
"../../../Engine/Content/EngineFonts/Faces/RobotoLight.uasset" 306
"../../../Engine/Content/EngineFonts/Faces/RobotoRegular.uasset" 307
"../../../Engine/Content/EngineFonts/Roboto.uasset" 308
"../../../Engine/Content/EngineMaterials/BaseFlattenDiffuseMap.uasset" 309
"../../../Engine/Content/EngineMaterials/BaseFlattenEmissiveMap.uasset" 310
"../../../Engine/Content/EngineMaterials/BaseFlattenGrayscaleMap.uasset" 311
"../../../Engine/Content/EngineMaterials/BaseFlattenNormalMap.uasset" 312
"../../../Engine/Content/EngineMaterials/BaseFlattenMaterial.uasset" 313
"../../../Engine/Content/EngineMaterials/BlueNoise.uasset" 314
"../../../Engine/Content/EngineMaterials/DefaultBloomKernel.uasset" 315
"../../../Engine/Content/EngineMaterials/DefaultBokeh.uasset" 316
"../../../Engine/Content/EngineMaterials/DefaultDiffuse.uasset" 317
"../../../Engine/Content/EngineMaterials/DefaultDeferredDecalMaterial.uasset" 318
"../../../Engine/Content/EngineMaterials/DefaultLightFunctionMaterial.uasset" 319
"../../../Engine/Content/EngineMaterials/DefaultPhysicalMaterial.uasset" 320
"../../../Engine/Content/Functions/Engine_MaterialFunctions02/Utility/BreakOutFloat2Components.uasset" 321
"../../../Engine/Content/EngineMaterials/DefaultPostProcessMaterial.uasset" 322
"../../../Engine/Content/EngineFonts/RobotoDistanceField.uasset" 323
"../../../Engine/Content/EngineMaterials/DefaultTextMaterialOpaque.uasset" 324
"../../../Engine/Content/EngineMaterials/DefaultWhiteGrid.uasset" 325
"../../../Engine/Content/EngineMaterials/DefaultWhiteGrid_Low.uasset" 326
"../../../Engine/Content/EngineMaterials/EmissiveMeshMaterial.uasset" 327
"../../../Engine/Content/EngineMaterials/GizmoMaterial.uasset" 328
"../../../Engine/Content/EngineMaterials/Good64x64TilingNoiseHighFreq.uasset" 329
"../../../Engine/Content/EngineMaterials/MiniFont.uasset" 330
"../../../Engine/Content/EngineMaterials/InvalidLightmapSettings.uasset" 331
"../../../Engine/Content/EngineMaterials/M_InvalidLightmapSettings.uasset" 332
"../../../Engine/Content/Functions/Engine_MaterialFunctions02/WorldPositionOffset/CameraOffset.uasset" 333
"../../../Engine/Content/EngineMaterials/PhAT_JointLimitMaterial.uasset" 334
"../../../Engine/Content/EngineMaterials/PreintegratedSkinBRDF.uasset" 335
"../../../Engine/Content/EngineMaterials/RemoveSurfaceMaterial.uasset" 336
"../../../Engine/Content/EngineMaterials/WeightMapPlaceholderTexture.uasset" 337
"../../../Engine/Content/EngineResources/WhiteSquareTexture.uasset" 338
"../../../Engine/Content/EngineMaterials/Widget3DPassThrough.uasset" 339
"../../../Engine/Content/EngineMaterials/Widget3DPassThrough_Masked.uasset" 340
"../../../Engine/Content/EngineMaterials/Widget3DPassThrough_Opaque.uasset" 341
"../../../Engine/Content/EngineMaterials/Widget3DPassThrough_Masked_OneSided.uasset" 342
"../../../Engine/Content/EngineMaterials/Widget3DPassThrough_Opaque_OneSided.uasset" 343
"../../../Engine/Content/EngineMaterials/Widget3DPassThrough_Translucent.uasset" 344
"../../../Engine/Content/EngineMaterials/Widget3DPassThrough_Translucent_OneSided.uasset" 345
"../../../Engine/Content/EngineMeshes/Cylinder.uasset" 346
"../../../Engine/Content/EngineMeshes/Sphere.uasset" 347
"../../../Engine/Content/EngineResources/DefaultTexture.uasset" 348
"../../../Engine/Content/EngineResources/DefaultTextureCube.uasset" 349
"../../../Engine/Content/EngineResources/DefaultVolumeTexture2D.uasset" 350
"../../../Engine/Content/EngineResources/DefaultVolumeTexture.uasset" 351
"../../../Engine/Content/EngineResources/GradientTexture0.uasset" 352
"../../../Engine/Content/EngineSounds/Master.uasset" 353
"../../../Engine/Content/Functions/Engine_MaterialFunctions01/Shading/ConvertFromDiffSpec.uasset" 354
"../../../Engine/Content/Functions/Engine_MaterialFunctions01/Shading/PowerToRoughness.uasset" 355
"../../../Engine/Content/Maps/Templates/Thumbnails/Default.uasset" 356
"../../../Engine/Content/Maps/Templates/Thumbnails/TimeOfDay.uasset" 357
"../../../Engine/Content/Maps/Templates/Thumbnails/VR-Basic.uasset" 358
"../../../Engine/Content/MobileResources/T_MobileControls_texture.uasset" 359
"../../../Engine/Content/MobileResources/T_MobileMenu2.uasset" 360
"../../../Engine/Content/MobileResources/HUD/AnalogHat.uasset" 361
"../../../Engine/Content/MobileResources/HUD/VirtualJoystick_Background.uasset" 362
"../../../Engine/Content/MobileResources/HUD/VirtualJoystick_Thumb.uasset" 363
"../../../Engine/Content/MobileResources/HUD/DefaultVirtualJoysticks.uasset" 364
"../../../Engine/Content/MobileResources/HUD/LeftVirtualJoystickOnly.uasset" 365
"../../../Engine/Content/MobileResources/HUD/MobileHUDButton1_off.uasset" 366
"../../../Engine/Content/MobileResources/HUD/MobileHUDButton1_on.uasset" 367
"../../../Engine/Content/MobileResources/HUD/MobileHUDButton2_off.uasset" 368
"../../../Engine/Content/MobileResources/HUD/MobileHUDButton2_on.uasset" 369
"../../../Engine/Content/MobileResources/HUD/MobileHUDButton3.uasset" 370
"../../../Engine/Content/MobileResources/HUD/MobileHUDButtonFire.uasset" 371
"../../../Engine/Content/MobileResources/HUD/MobileHUDDirectionPad.uasset" 372
"../../../Engine/Content/MobileResources/HUD/MobileHUDDirectionPad2.uasset" 373
"../../../Engine/Content/MobileResources/HUD/MobileHUDDirectionPad3.uasset" 374
"../../../Engine/Content/MobileResources/HUD/MobileHUDDirectionStick.uasset" 375
"../../../Engine/Content/MobileResources/HUD/T_Castle_ThumbstickInner.uasset" 376
"../../../Engine/Content/MobileResources/HUD/T_Castle_ThumbstickOutter.uasset" 377
"../../../Engine/Content/Tutorial/ContentIntroCurve.uasset" 378
"../../../Engine/Content/Tutorial/Basics/LevelEditorAttract.uasset" 379
"../../../Engine/Content/VREditor/LaserPointer/VR_LaserPower_01.uasset" 380
"../../../Engine/Content/VREditor/TransformGizmo/TransformGizmoMaterial.uasset" 381
"../../../Engine/Content/VREditor/TransformGizmo/TranslucentTransformGizmoMaterial.uasset" 382
"../../../Engine/Content/VREditor/TransformGizmo/BoundingBoxCorner.uasset" 383
"../../../Engine/Content/VREditor/TransformGizmo/BoundingBoxEdge.uasset" 384
"../../../Engine/Content/VREditor/TransformGizmo/PlaneTranslationHandle.uasset" 385
"../../../Engine/Content/VREditor/TransformGizmo/Main.uasset" 386
"../../../Engine/Content/VREditor/TransformGizmo/Xray.uasset" 387
"../../../Engine/Content/VREditor/TransformGizmo/SM_Sequencer_Key.uasset" 388
"../../../Engine/Content/VREditor/TransformGizmo/SM_Sequencer_Node.uasset" 389
"../../Plugins/2D/Paper2D/Content/PlaceholderTextures/DummySpriteTexture.uasset" 390
"../../Plugins/2D/Paper2D/Content/DummySprite.uasset" 391
"../../Plugins/2D/Paper2D/Content/DefaultPaperTerrainMaterial.uasset" 392
"../../Plugins/2D/Paper2D/Content/DefaultSpriteMaterial.uasset" 393
"../../Plugins/2D/Paper2D/Content/MaskedUnlitSpriteMaterial.uasset" 394
"../../Plugins/2D/Paper2D/Content/OpaqueUnlitSpriteMaterial.uasset" 395
"../../Plugins/FX/Niagara/Content/Enums/ENiagaraBooleanLogicOps.uasset" 396
"../../Plugins/FX/Niagara/Content/Enums/ENiagaraCoordinateSpace.uasset" 397
"../../Plugins/FX/Niagara/Content/Enums/ENiagaraExpansionMode.uasset" 398
"../../Plugins/FX/Niagara/Content/Enums/ENiagaraOrientationAxis.uasset" 399
"../../Plugins/FX/Niagara/Content/Enums/ENiagaraRandomnessMode.uasset" 400
"../../../Engine/Content/Functions/Engine_MaterialFunctions02/Utility/BreakOutFloat4Components.uasset" 401
"../../../Engine/Content/Functions/Engine_MaterialFunctions02/Utility/MakeFloat2.uasset" 402
"../../../Engine/Content/Functions/Engine_MaterialFunctions02/Utility/MakeFloat3.uasset" 403
"../../Plugins/Runtime/Oculus/OculusVR/Content/Materials/OculusMR_ChromaKey.uasset" 404
"../../Plugins/Runtime/Oculus/OculusVR/Content/Materials/OculusMR_ChromaKey_Lit.uasset" 405
"../../Plugins/Runtime/Oculus/OculusVR/Content/Materials/OculusMR_OpaqueColoredMaterial.uasset" 406
"../../Plugins/Runtime/Oculus/OculusVR/Content/Materials/OculusMR_WhiteMaterial.uasset" 407
"../../../Engine/Content/EngineSky/C_Sky_Cloud_Color.uasset" 408
"../../../Engine/Content/EngineSky/C_Sky_Horizon_Color.uasset" 409
"../../../Engine/Content/EngineSky/C_Sky_Zenith_Color.uasset" 410
"../../../Engine/Content/EngineSky/T_Sky_Blue.uasset" 411
"../../../Engine/Content/EngineSky/T_Sky_Clouds_M.uasset" 412
"../../../Engine/Content/EngineSky/T_Sky_Stars.uasset" 413
"../../../Engine/Content/EngineSky/M_Sky_Panning_Clouds2.uasset" 414
"../../../Engine/Content/EngineSky/SM_SkySphere.uasset" 415
"../../../Engine/Content/EngineSky/BP_Sky_Sphere.uasset" 416
"D:/Code/UE/Homework/Content/MobileStarterContent/Maps/Minimal_Default_BuiltData.uasset" 417
"D:/Code/UE/Homework/Content/MobileStarterContent/Materials/M_Basic_Floor.uasset" 418
"D:/Code/UE/Homework/Content/MobileStarterContent/Architecture/Floor_400x400.uasset" 419
"D:/Code/UE/Homework/Content/MobileStarterContent/Props/SM_Chair.uasset" 420
"D:/Code/UE/Homework/Content/MobileStarterContent/Textures/T_Statue_M.uasset" 421
"D:/Code/UE/Homework/Content/MobileStarterContent/Textures/T_Statue_N.uasset" 422
"D:/Code/UE/Homework/Content/MobileStarterContent/Props/Materials/M_Statue.uasset" 423
"D:/Code/UE/Homework/Content/MobileStarterContent/Props/Materials/M_StatueGlass.uasset" 424
"D:/Code/UE/Homework/Content/MobileStarterContent/Props/SM_Statue.uasset" 425
"D:/Code/UE/Homework/Content/MobileStarterContent/Textures/T_TableRound_M.uasset" 426
"D:/Code/UE/Homework/Content/MobileStarterContent/Textures/T_TableRound_N.uasset" 427
"D:/Code/UE/Homework/Content/MobileStarterContent/Props/Materials/M_TableRound.uasset" 428
"D:/Code/UE/Homework/Content/MobileStarterContent/Props/SM_TableRound.uasset" 429
"D:/Code/UE/Homework/Content/MobileStarterContent/Maps/Minimal_Default.umap" 430
"D:/Code/UE/Homework/Content/MobileStarterContent/Audio/Fire01.uasset" 431
"D:/Code/UE/Homework/Content/MobileStarterContent/Audio/Fire01_Cue.uasset" 432
"D:/Code/UE/Homework/Content/MobileStarterContent/Textures/T_Fire_SubUV.uasset" 433
"D:/Code/UE/Homework/Content/MobileStarterContent/Textures/T_Fire_Tiled_D.uasset" 434
"D:/Code/UE/Homework/Content/MobileStarterContent/Particles/Materials/M_Fire_SubUV.uasset" 435
"D:/Code/UE/Homework/Content/MobileStarterContent/Particles/Materials/M_Radial_Gradient.uasset" 436
"D:/Code/UE/Homework/Content/MobileStarterContent/Particles/P_Fire.uasset" 437
"D:/Code/UE/Homework/Content/MobileStarterContent/Blueprints/Blueprint_Effect_Fire.uasset" 438
"D:/Code/UE/Homework/Content/MobileStarterContent/Audio/Smoke01.uasset" 439
"D:/Code/UE/Homework/Content/MobileStarterContent/Audio/Smoke01_Cue.uasset" 440
"D:/Code/UE/Homework/Content/MobileStarterContent/Particles/P_Smoke.uasset" 441
"D:/Code/UE/Homework/Content/MobileStarterContent/Blueprints/Blueprint_Effect_Smoke.uasset" 442
"D:/Code/UE/Homework/Content/MobileStarterContent/Audio/Fire_Sparks01.uasset" 443
"D:/Code/UE/Homework/Content/MobileStarterContent/Audio/Fire_Sparks01_Cue.uasset" 444
"D:/Code/UE/Homework/Content/MobileStarterContent/Textures/T_Spark_Core.uasset" 445
"D:/Code/UE/Homework/Content/MobileStarterContent/Particles/Materials/M_Spark.uasset" 446
"D:/Code/UE/Homework/Content/MobileStarterContent/Particles/P_Sparks.uasset" 447
"D:/Code/UE/Homework/Content/MobileStarterContent/Blueprints/Blueprint_Effect_Sparks.uasset" 448
"D:/Code/UE/Homework/Content/MobileStarterContent/Textures/T_Lamp_M.uasset" 449
"D:/Code/UE/Homework/Content/MobileStarterContent/Textures/T_Lamp_N.uasset" 450
"D:/Code/UE/Homework/Content/MobileStarterContent/Props/Materials/M_Lamp.uasset" 451
"D:/Code/UE/Homework/Content/MobileStarterContent/Props/SM_Lamp_Ceiling.uasset" 452
"D:/Code/UE/Homework/Content/MobileStarterContent/Blueprints/Blueprint_CeilingLight.uasset" 453
"D:/Code/UE/Homework/Content/MobileStarterContent/Props/SM_Lamp_Wall.uasset" 454
"D:/Code/UE/Homework/Content/MobileStarterContent/Blueprints/Blueprint_WallSconce.uasset" 455
"D:/Code/UE/Homework/Content/MobileStarterContent/Maps/StarterMap_BuiltData.uasset" 456
"D:/Code/UE/Homework/Content/MobileStarterContent/Textures/T_Brick_Clay_Beveled_D.uasset" 457
"D:/Code/UE/Homework/Content/MobileStarterContent/Textures/T_Brick_Clay_Beveled_M.uasset" 458
"D:/Code/UE/Homework/Content/MobileStarterContent/Textures/T_Brick_Clay_Beveled_N.uasset" 459
"D:/Code/UE/Homework/Content/MobileStarterContent/Materials/M_Brick_Clay_Beveled.uasset" 460
"D:/Code/UE/Homework/Content/MobileStarterContent/Textures/T_Brick_Clay_New_D.uasset" 461
"D:/Code/UE/Homework/Content/MobileStarterContent/Textures/T_Brick_Clay_New_M.uasset" 462
"D:/Code/UE/Homework/Content/MobileStarterContent/Textures/T_Brick_Clay_New_N.uasset" 463
"D:/Code/UE/Homework/Content/MobileStarterContent/Materials/M_Brick_Clay_New.uasset" 464
"D:/Code/UE/Homework/Content/MobileStarterContent/Textures/T_Brick_Clay_Old_D.uasset" 465
"D:/Code/UE/Homework/Content/MobileStarterContent/Textures/T_Brick_Clay_Old_N.uasset" 466
"D:/Code/UE/Homework/Content/MobileStarterContent/Materials/M_Brick_Clay_Old.uasset" 467
"D:/Code/UE/Homework/Content/MobileStarterContent/Textures/T_Brick_Cut_Stone_D.uasset" 468
"D:/Code/UE/Homework/Content/MobileStarterContent/Textures/T_Brick_Cut_Stone_N.uasset" 469
"D:/Code/UE/Homework/Content/MobileStarterContent/Materials/M_Brick_Cut_Stone.uasset" 470
"D:/Code/UE/Homework/Content/MobileStarterContent/Textures/T_Brick_Hewn_Stone_D.uasset" 471
"D:/Code/UE/Homework/Content/MobileStarterContent/Textures/T_Brick_Hewn_Stone_M.uasset" 472
"D:/Code/UE/Homework/Content/MobileStarterContent/Textures/T_Brick_Hewn_Stone_N.uasset" 473
"D:/Code/UE/Homework/Content/MobileStarterContent/Materials/M_Brick_Hewn_Stone.uasset" 474
"D:/Code/UE/Homework/Content/MobileStarterContent/Textures/T_Ceramic_Tile_M.uasset" 475
"D:/Code/UE/Homework/Content/MobileStarterContent/Textures/T_Ceramic_Tile_N.uasset" 476
"D:/Code/UE/Homework/Content/MobileStarterContent/Textures/T_Rock_Marble_Polished_D.uasset" 477
"D:/Code/UE/Homework/Content/MobileStarterContent/Materials/M_Ceramic_Tile_Checker.uasset" 478
"D:/Code/UE/Homework/Content/MobileStarterContent/Textures/T_CobbleStone_Pebble_D.uasset" 479
"D:/Code/UE/Homework/Content/MobileStarterContent/Textures/T_CobbleStone_Pebble_N.uasset" 480
"D:/Code/UE/Homework/Content/MobileStarterContent/Materials/M_CobbleStone_Pebble.uasset" 481
"D:/Code/UE/Homework/Content/MobileStarterContent/Textures/T_CobbleStone_Rough_D.uasset" 482
"D:/Code/UE/Homework/Content/MobileStarterContent/Textures/T_CobbleStone_Rough_N.uasset" 483
"D:/Code/UE/Homework/Content/MobileStarterContent/Materials/M_CobbleStone_Rough.uasset" 484
"D:/Code/UE/Homework/Content/MobileStarterContent/Textures/T_CobbleStone_Smooth_D.uasset" 485
"D:/Code/UE/Homework/Content/MobileStarterContent/Textures/T_CobbleStone_Smooth_M.uasset" 486
"D:/Code/UE/Homework/Content/MobileStarterContent/Textures/T_CobbleStone_Smooth_N.uasset" 487
"D:/Code/UE/Homework/Content/MobileStarterContent/Materials/M_CobbleStone_Smooth.uasset" 488
"D:/Code/UE/Homework/Content/MobileStarterContent/Textures/T_Concrete_Grime_D.uasset" 489
"D:/Code/UE/Homework/Content/MobileStarterContent/Textures/T_Metal_Rust_N.uasset" 490
"D:/Code/UE/Homework/Content/MobileStarterContent/Materials/M_Concrete_Grime.uasset" 491
"D:/Code/UE/Homework/Content/MobileStarterContent/Textures/T_Concrete_Panels_D.uasset" 492
"D:/Code/UE/Homework/Content/MobileStarterContent/Textures/T_Concrete_Panels_N.uasset" 493
"D:/Code/UE/Homework/Content/MobileStarterContent/Materials/M_Concrete_Panels.uasset" 494
"D:/Code/UE/Homework/Content/MobileStarterContent/Textures/T_Concrete_Poured_D.uasset" 495
"D:/Code/UE/Homework/Content/MobileStarterContent/Textures/T_Concrete_Poured_N.uasset" 496
"D:/Code/UE/Homework/Content/MobileStarterContent/Materials/M_Concrete_Poured.uasset" 497
"D:/Code/UE/Homework/Content/MobileStarterContent/Textures/T_Concrete_Tiles_D.uasset" 498
"D:/Code/UE/Homework/Content/MobileStarterContent/Textures/T_Concrete_Tiles_M.uasset" 499
"D:/Code/UE/Homework/Content/MobileStarterContent/Textures/T_Concrete_Tiles_N.uasset" 500
"D:/Code/UE/Homework/Content/MobileStarterContent/Materials/M_Concrete_Tiles.uasset" 501
"D:/Code/UE/Homework/Content/MobileStarterContent/Textures/T_Ground_Grass_D.uasset" 502
"D:/Code/UE/Homework/Content/MobileStarterContent/Textures/T_Ground_Grass_N.uasset" 503
"D:/Code/UE/Homework/Content/MobileStarterContent/Materials/M_Ground_Grass.uasset" 504
"D:/Code/UE/Homework/Content/MobileStarterContent/Textures/T_Ground_Gravel_D.uasset" 505
"D:/Code/UE/Homework/Content/MobileStarterContent/Textures/T_Ground_Gravel_N.uasset" 506
"D:/Code/UE/Homework/Content/MobileStarterContent/Materials/M_Ground_Gravel.uasset" 507
"D:/Code/UE/Homework/Content/MobileStarterContent/Textures/T_ground_Moss_D.uasset" 508
"D:/Code/UE/Homework/Content/MobileStarterContent/Textures/T_Ground_Moss_N.uasset" 509
"D:/Code/UE/Homework/Content/MobileStarterContent/Materials/M_Ground_Moss.uasset" 510
"D:/Code/UE/Homework/Content/MobileStarterContent/Textures/T_MacroVariation.uasset" 511
"D:/Code/UE/Homework/Content/MobileStarterContent/Materials/M_Metal_Brushed_Nickel.uasset" 512
"D:/Code/UE/Homework/Content/MobileStarterContent/Textures/T_Metal_Aluminum_D.uasset" 513
"D:/Code/UE/Homework/Content/MobileStarterContent/Textures/T_Metal_Gold_N.uasset" 514
"D:/Code/UE/Homework/Content/MobileStarterContent/Materials/M_Metal_Burnished_Steel.uasset" 515
"D:/Code/UE/Homework/Content/MobileStarterContent/Materials/M_Metal_Chrome.uasset" 516
"D:/Code/UE/Homework/Content/MobileStarterContent/Textures/T_Metal_Copper_D.uasset" 517
"D:/Code/UE/Homework/Content/MobileStarterContent/Materials/M_Metal_Copper.uasset" 518
"D:/Code/UE/Homework/Content/MobileStarterContent/Textures/T_Metal_Gold_D.uasset" 519
"D:/Code/UE/Homework/Content/MobileStarterContent/Materials/M_Metal_Gold.uasset" 520
"D:/Code/UE/Homework/Content/MobileStarterContent/Textures/T_Metal_Rust_D.uasset" 521
"D:/Code/UE/Homework/Content/MobileStarterContent/Materials/M_Metal_Rust.uasset" 522
"D:/Code/UE/Homework/Content/MobileStarterContent/Textures/T_Metal_Steel_D.uasset" 523
"D:/Code/UE/Homework/Content/MobileStarterContent/Textures/T_Metal_Steel_N.uasset" 524
"D:/Code/UE/Homework/Content/MobileStarterContent/Materials/M_Metal_Steel.uasset" 525
"D:/Code/UE/Homework/Content/MobileStarterContent/Textures/T_Rock_Basalt_N.uasset" 526
"D:/Code/UE/Homework/Content/MobileStarterContent/Materials/M_Rock_Basalt.uasset" 527
"D:/Code/UE/Homework/Content/MobileStarterContent/Materials/M_Rock_Marble_Polished.uasset" 528
"D:/Code/UE/Homework/Content/MobileStarterContent/Textures/T_Rock_Sandstone_D.uasset" 529
"D:/Code/UE/Homework/Content/MobileStarterContent/Textures/T_Rock_Sandstone_N.uasset" 530
"D:/Code/UE/Homework/Content/MobileStarterContent/Materials/M_Rock_Sandstone.uasset" 531
"D:/Code/UE/Homework/Content/MobileStarterContent/Textures/T_Rock_Slate_D.uasset" 532
"D:/Code/UE/Homework/Content/MobileStarterContent/Textures/T_Rock_Slate_N.uasset" 533
"D:/Code/UE/Homework/Content/MobileStarterContent/Materials/M_Rock_Slate.uasset" 534
"D:/Code/UE/Homework/Content/MobileStarterContent/Textures/T_Checker_Noise_M.uasset" 535
"D:/Code/UE/Homework/Content/MobileStarterContent/Textures/T_Single_Tile_N.uasset" 536
"D:/Code/UE/Homework/Content/MobileStarterContent/Textures/T_Tech_Dot_M.uasset" 537
"D:/Code/UE/Homework/Content/MobileStarterContent/Textures/T_Tech_Dot_N.uasset" 538
"D:/Code/UE/Homework/Content/MobileStarterContent/Materials/M_Tech_Checker_Dot.uasset" 539
"D:/Code/UE/Homework/Content/MobileStarterContent/Textures/T_Tech_Hex_Tile_M.uasset" 540
"D:/Code/UE/Homework/Content/MobileStarterContent/Textures/T_Tech_Hex_Tile_N.uasset" 541
"D:/Code/UE/Homework/Content/MobileStarterContent/Materials/M_Tech_Hex_Tile.uasset" 542
"D:/Code/UE/Homework/Content/MobileStarterContent/Materials/M_Tech_Hex_Tile_Pulse.uasset" 543
"D:/Code/UE/Homework/Content/MobileStarterContent/Textures/T_Water_N.uasset" 544
"D:/Code/UE/Homework/Content/MobileStarterContent/Materials/M_Water_Lake.uasset" 545
"D:/Code/UE/Homework/Content/MobileStarterContent/Textures/T_Water_M.uasset" 546
"D:/Code/UE/Homework/Content/MobileStarterContent/Materials/M_Water_Ocean.uasset" 547
"D:/Code/UE/Homework/Content/MobileStarterContent/Textures/T_Wood_Floor_Walnut_D.uasset" 548
"D:/Code/UE/Homework/Content/MobileStarterContent/Textures/T_Wood_Floor_Walnut_M.uasset" 549
"D:/Code/UE/Homework/Content/MobileStarterContent/Textures/T_Wood_Floor_Walnut_N.uasset" 550
"D:/Code/UE/Homework/Content/MobileStarterContent/Materials/M_Wood_Floor_Walnut_Polished.uasset" 551
"D:/Code/UE/Homework/Content/MobileStarterContent/Materials/M_Wood_Floor_Walnut_Worn.uasset" 552
"D:/Code/UE/Homework/Content/MobileStarterContent/Textures/T_Wood_Oak_D.uasset" 553
"D:/Code/UE/Homework/Content/MobileStarterContent/Textures/T_Wood_Oak_N.uasset" 554
"D:/Code/UE/Homework/Content/MobileStarterContent/Materials/M_Wood_Oak.uasset" 555
"D:/Code/UE/Homework/Content/MobileStarterContent/Textures/T_Wood_Pine_D.uasset" 556
"D:/Code/UE/Homework/Content/MobileStarterContent/Textures/T_Wood_Pine_N.uasset" 557
"D:/Code/UE/Homework/Content/MobileStarterContent/Materials/M_Wood_Pine.uasset" 558
"D:/Code/UE/Homework/Content/MobileStarterContent/Textures/T_Wood_Walnut_D.uasset" 559
"D:/Code/UE/Homework/Content/MobileStarterContent/Textures/T_Wood_Walnut_N.uasset" 560
"D:/Code/UE/Homework/Content/MobileStarterContent/Materials/M_Wood_Walnut.uasset" 561
"D:/Code/UE/Homework/Content/MobileStarterContent/Architecture/Wall_400x200.uasset" 562
"D:/Code/UE/Homework/Content/MobileStarterContent/Architecture/Wall_Door_400x300.uasset" 563
"D:/Code/UE/Homework/Content/MobileStarterContent/Architecture/Wall_Window_400x300.uasset" 564
"D:/Code/UE/Homework/Content/MobileStarterContent/Audio/Collapse01.uasset" 565
"D:/Code/UE/Homework/Content/MobileStarterContent/Audio/Collapse02.uasset" 566
"D:/Code/UE/Homework/Content/MobileStarterContent/Audio/Collapse_Cue.uasset" 567
"D:/Code/UE/Homework/Content/MobileStarterContent/Audio/Starter_Birds01.uasset" 568
"D:/Code/UE/Homework/Content/MobileStarterContent/Audio/Starter_Wind05.uasset" 569
"D:/Code/UE/Homework/Content/MobileStarterContent/Audio/Starter_Wind06.uasset" 570
"D:/Code/UE/Homework/Content/MobileStarterContent/Audio/Starter_Background_Cue.uasset" 571
"D:/Code/UE/Homework/Content/MobileStarterContent/Audio/Starter_Music01.uasset" 572
"D:/Code/UE/Homework/Content/MobileStarterContent/Audio/Starter_Music_Cue.uasset" 573
"D:/Code/UE/Homework/Content/MobileStarterContent/Textures/T_Dust_Particle_D.uasset" 574
"D:/Code/UE/Homework/Content/MobileStarterContent/Particles/Materials/M_Dust_Particle.uasset" 575
"D:/Code/UE/Homework/Content/MobileStarterContent/Particles/P_Ambient_Dust.uasset" 576
"D:/Code/UE/Homework/Content/MobileStarterContent/Props/MaterialSphere.uasset" 577
"D:/Code/UE/Homework/Content/MobileStarterContent/Textures/T_Frame_M.uasset" 578
"D:/Code/UE/Homework/Content/MobileStarterContent/Textures/T_Frame_N.uasset" 579
"D:/Code/UE/Homework/Content/MobileStarterContent/Props/Materials/M_Frame.uasset" 580
"D:/Code/UE/Homework/Content/MobileStarterContent/Props/SM_CornerFrame.uasset" 581
"D:/Code/UE/Homework/Content/MobileStarterContent/Props/SM_DoorFrame.uasset" 582
"D:/Code/UE/Homework/Content/MobileStarterContent/Props/SM_GlassWindow.uasset" 583
"D:/Code/UE/Homework/Content/MobileStarterContent/Props/SM_PillarFrame.uasset" 584
"D:/Code/UE/Homework/Content/MobileStarterContent/Props/SM_PillarFrame300.uasset" 585
"D:/Code/UE/Homework/Content/MobileStarterContent/Props/SM_WindowFrame.uasset" 586
"D:/Code/UE/Homework/Content/MobileStarterContent/Shapes/Shape_Cube.uasset" 587
"D:/Code/UE/Homework/Content/MobileStarterContent/Shapes/Shape_QuadPyramid.uasset" 588
"D:/Code/UE/Homework/Content/MobileStarterContent/Maps/StarterMap.umap" 589
"D:/Code/UE/Homework/Content/ThirdPersonBP/Maps/ThirdPersonExampleMap_BuiltData.uasset" 590
"D:/Code/UE/Homework/Content/Geometry/Meshes/CubeMaterial.uasset" 591
"D:/Code/UE/Homework/Content/Geometry/Meshes/1M_Cube.uasset" 592
"D:/Code/UE/Homework/Content/Geometry/Meshes/1M_Cube_Chamfer.uasset" 593
"D:/Code/UE/Homework/Content/Geometry/Meshes/TemplateFloor.uasset" 594
"D:/Code/UE/Homework/Content/ThirdPerson/Meshes/RampMaterial.uasset" 595
"D:/Code/UE/Homework/Content/ThirdPerson/Meshes/Bump_StaticMesh.uasset" 596
"D:/Code/UE/Homework/Content/ThirdPerson/Meshes/LeftArm_StaticMesh.uasset" 597
"D:/Code/UE/Homework/Content/ThirdPerson/Meshes/Linear_Stair_StaticMesh.uasset" 598
"D:/Code/UE/Homework/Content/ThirdPerson/Meshes/Ramp_StaticMesh.uasset" 599
"D:/Code/UE/Homework/Content/ThirdPerson/Meshes/RightArm_StaticMesh.uasset" 600
"D:/Code/UE/Homework/Content/ThirdPersonBP/Maps/ThirdPersonExampleMap.umap" 601
"../../../Engine/Content/Maps/Entry_BuiltData.uasset" 602
"../../../Engine/Content/Maps/Entry.umap" 603
